This is pdfTeX, Version 3.14159265-2.6-1.40.20 (TeX Live 2019) (preloaded format=pdflatex 2019.6.3)  30 APR 2021 12:32
entering extended mode
 restricted \write18 enabled.
 file:line:error style messages enabled.
 %&-line parsing enabled.
**main.tex
(./main.tex
LaTeX2e <2018-12-01>
(/usr/local/texlive/2019/texmf-dist/tex/latex/koma-script/scrreprt.cls
Document Class: scrreprt 2019/02/01 v3.26b KOMA-Script document class (report)
(/usr/local/texlive/2019/texmf-dist/tex/latex/koma-script/scrkbase.sty
Package: scrkbase 2019/02/01 v3.26b KOMA-Script package (KOMA-Script-dependent 
basics and keyval usage)

(/usr/local/texlive/2019/texmf-dist/tex/latex/koma-script/scrbase.sty
Package: scrbase 2019/02/01 v3.26b KOMA-Script package (KOMA-Script-independent
 basics and keyval usage)

(/usr/local/texlive/2019/texmf-dist/tex/latex/graphics/keyval.sty
Package: keyval 2014/10/28 v1.15 key=value parser (DPC)
\KV@toks@=\toks14
)
(/usr/local/texlive/2019/texmf-dist/tex/latex/koma-script/scrlfile.sty
Package: scrlfile 2019/02/01 v3.26b KOMA-Script package (loading files)
)))
(/usr/local/texlive/2019/texmf-dist/tex/latex/koma-script/tocbasic.sty
Package: tocbasic 2019/02/01 v3.26b KOMA-Script package (handling toc-files)
\scr@dte@tocline@numberwidth=\skip41
\scr@dte@tocline@numbox=\box27
)
Package tocbasic Info: omitting babel extension for `toc'
(tocbasic)             because of feature `nobabel' available
(tocbasic)             for `toc' on input line 136.
Package scrreprt Info: You've used standard option `12pt'.
(scrreprt)             This is correct!
(scrreprt)             Internally I'm using `fontsize=12pt'.
(scrreprt)             If you'd like to set the option with \KOMAoptions,
(scrreprt)             you'd have to use `fontsize=12pt' there
(scrreprt)             instead of `12pt', too.
Class scrreprt Info: File `scrsize12pt.clo' used to setup font sizes on input l
ine 2373.

(/usr/local/texlive/2019/texmf-dist/tex/latex/koma-script/scrsize12pt.clo
File: scrsize12pt.clo 2019/02/01 v3.26b KOMA-Script font size class option (12p
t)
)
(/usr/local/texlive/2019/texmf-dist/tex/latex/koma-script/typearea.sty
Package: typearea 2019/02/01 v3.26b KOMA-Script package (type area)
\ta@bcor=\skip42
\ta@div=\count80
Package typearea Info: You've used standard option `a4paper'.
(typearea)             This is correct!
(typearea)             Internally I'm using `paper=a4'.
(typearea)             If you'd like to set the option with \KOMAoptions,
(typearea)             you'd have to use `paper=a4' there
(typearea)             instead of `a4paper', too.
\ta@hblk=\skip43
\ta@vblk=\skip44
\ta@temp=\skip45
\footheight=\skip46
Package typearea Info: These are the values describing the layout:
(typearea)             DIV  = 12
(typearea)             BCOR = 22.76219pt
(typearea)             \paperwidth      = 597.50793pt
(typearea)              \textwidth      = 431.05931pt
(typearea)              DIV departure   = -2%
(typearea)              \evensidemargin = 23.52097pt
(typearea)              \oddsidemargin  = -1.61232pt
(typearea)             \paperheight     = 845.04694pt
(typearea)              \textheight     = 635.5pt
(typearea)              \topmargin      = -41.72441pt
(typearea)              \headheight     = 18.125pt
(typearea)              \headsep        = 21.75pt
(typearea)              \topskip        = 12.0pt
(typearea)              \footskip       = 50.75pt
(typearea)              \baselineskip   = 14.5pt
(typearea)              on input line 1715.
)
\c@part=\count81
\c@chapter=\count82
\c@section=\count83
\c@subsection=\count84
\c@subsubsection=\count85
\c@paragraph=\count86
\c@subparagraph=\count87
\scr@dte@chapter@maxnumwidth=\skip47
Class scrreprt Info: using compatibility default `afterindent=bysign'
(scrreprt)           for `\chapter on input line 5305.
\scr@dte@section@maxnumwidth=\skip48
Class scrreprt Info: using compatibility default `runin=bysign'
(scrreprt)           for `\section on input line 5315.
Class scrreprt Info: using compatibility default `afterindent=bysign'
(scrreprt)           for `\section on input line 5315.
\scr@dte@part@maxnumwidth=\skip49
Class scrreprt Info: using compatibility default `afterindent=true'
(scrreprt)           for `\part on input line 5324.
\scr@dte@subsection@maxnumwidth=\skip50
Class scrreprt Info: using compatibility default `runin=bysign'
(scrreprt)           for `\subsection on input line 5334.
Class scrreprt Info: using compatibility default `afterindent=bysign'
(scrreprt)           for `\subsection on input line 5334.
\scr@dte@subsubsection@maxnumwidth=\skip51
Class scrreprt Info: using compatibility default `runin=bysign'
(scrreprt)           for `\subsubsection on input line 5344.
Class scrreprt Info: using compatibility default `afterindent=bysign'
(scrreprt)           for `\subsubsection on input line 5344.
\scr@dte@paragraph@maxnumwidth=\skip52
Class scrreprt Info: using compatibility default `runin=bysign'
(scrreprt)           for `\paragraph on input line 5354.
Class scrreprt Info: using compatibility default `afterindent=bysign'
(scrreprt)           for `\paragraph on input line 5354.
\scr@dte@subparagraph@maxnumwidth=\skip53
Class scrreprt Info: using compatibility default `runin=bysign'
(scrreprt)           for `\subparagraph on input line 5364.
Class scrreprt Info: using compatibility default `afterindent=bysign'
(scrreprt)           for `\subparagraph on input line 5364.
\abovecaptionskip=\skip54
\belowcaptionskip=\skip55
\c@pti@nb@sid@b@x=\box28
Package tocbasic Info: omitting babel extension for `lof'
(tocbasic)             because of feature `nobabel' available
(tocbasic)             for `lof' on input line 6613.
\scr@dte@figure@maxnumwidth=\skip56
\c@figure=\count88
Package tocbasic Info: omitting babel extension for `lot'
(tocbasic)             because of feature `nobabel' available
(tocbasic)             for `lot' on input line 6630.
\scr@dte@table@maxnumwidth=\skip57
\c@table=\count89
Class scrreprt Info: Redefining `\numberline' on input line 6799.
\bibindent=\dimen102
)
(/usr/local/texlive/2019/texmf-dist/tex/latex/amsmath/amsmath.sty
Package: amsmath 2018/12/01 v2.17b AMS math features
\@mathmargin=\skip58

For additional information on amsmath, use the `?' option.
(/usr/local/texlive/2019/texmf-dist/tex/latex/amsmath/amstext.sty
Package: amstext 2000/06/29 v2.01 AMS text

(/usr/local/texlive/2019/texmf-dist/tex/latex/amsmath/amsgen.sty
File: amsgen.sty 1999/11/30 v2.0 generic functions
\@emptytoks=\toks15
\ex@=\dimen103
))
(/usr/local/texlive/2019/texmf-dist/tex/latex/amsmath/amsbsy.sty
Package: amsbsy 1999/11/29 v1.2d Bold Symbols
\pmbraise@=\dimen104
)
(/usr/local/texlive/2019/texmf-dist/tex/latex/amsmath/amsopn.sty
Package: amsopn 2016/03/08 v2.02 operator names
)
\inf@bad=\count90
LaTeX Info: Redefining \frac on input line 223.
\uproot@=\count91
\leftroot@=\count92
LaTeX Info: Redefining \overline on input line 385.
\classnum@=\count93
\DOTSCASE@=\count94
LaTeX Info: Redefining \ldots on input line 482.
LaTeX Info: Redefining \dots on input line 485.
LaTeX Info: Redefining \cdots on input line 606.
\Mathstrutbox@=\box29
\strutbox@=\box30
\big@size=\dimen105
LaTeX Font Info:    Redeclaring font encoding OML on input line 729.
LaTeX Font Info:    Redeclaring font encoding OMS on input line 730.
\macc@depth=\count95
\c@MaxMatrixCols=\count96
\dotsspace@=\muskip10
\c@parentequation=\count97
\dspbrk@lvl=\count98
\tag@help=\toks16
\row@=\count99
\column@=\count100
\maxfields@=\count101
\andhelp@=\toks17
\eqnshift@=\dimen106
\alignsep@=\dimen107
\tagshift@=\dimen108
\tagwidth@=\dimen109
\totwidth@=\dimen110
\lineht@=\dimen111
\@envbody=\toks18
\multlinegap=\skip59
\multlinetaggap=\skip60
\mathdisplay@stack=\toks19
LaTeX Info: Redefining \[ on input line 2844.
LaTeX Info: Redefining \] on input line 2845.
)
(/usr/local/texlive/2019/texmf-dist/tex/latex/base/fontenc.sty
Package: fontenc 2018/08/11 v2.0j Standard LaTeX package

(/usr/local/texlive/2019/texmf-dist/tex/latex/base/t1enc.def
File: t1enc.def 2018/08/11 v2.0j Standard LaTeX file
LaTeX Font Info:    Redeclaring font encoding T1 on input line 48.
))
(/usr/local/texlive/2019/texmf-dist/tex/latex/base/inputenc.sty
Package: inputenc 2018/08/11 v1.3c Input encoding file
\inpenc@prehook=\toks20
\inpenc@posthook=\toks21

(/usr/local/texlive/2019/texmf-dist/tex/latex/ucs/utf8x.def
File: utf8x.def 2004/10/17 UCS: Input encoding UTF-8
))
(/usr/local/texlive/2019/texmf-dist/tex/latex/ucs/ucs.sty
Package: ucs 2013/05/11 v2.2 UCS: Unicode input support

(/usr/local/texlive/2019/texmf-dist/tex/latex/ucs/data/uni-global.def
File: uni-global.def 2013/05/13 UCS: Unicode global data
)
\uc@secondtry=\count102
\uc@combtoks=\toks22
\uc@combtoksb=\toks23
\uc@temptokena=\toks24
)
(/usr/local/texlive/2019/texmf-dist/tex/latex/hyperref/hyperref.sty
Package: hyperref 2018/11/30 v6.88e Hypertext links for LaTeX

(/usr/local/texlive/2019/texmf-dist/tex/generic/oberdiek/hobsub-hyperref.sty
Package: hobsub-hyperref 2016/05/16 v1.14 Bundle oberdiek, subset hyperref (HO)


(/usr/local/texlive/2019/texmf-dist/tex/generic/oberdiek/hobsub-generic.sty
Package: hobsub-generic 2016/05/16 v1.14 Bundle oberdiek, subset generic (HO)
Package: hobsub 2016/05/16 v1.14 Construct package bundles (HO)
Package: infwarerr 2016/05/16 v1.4 Providing info/warning/error messages (HO)
Package: ltxcmds 2016/05/16 v1.23 LaTeX kernel commands for general use (HO)
Package: ifluatex 2016/05/16 v1.4 Provides the ifluatex switch (HO)
Package ifluatex Info: LuaTeX not detected.
Package: ifvtex 2016/05/16 v1.6 Detect VTeX and its facilities (HO)
Package ifvtex Info: VTeX not detected.
Package: intcalc 2016/05/16 v1.2 Expandable calculations with integers (HO)
Package: ifpdf 2018/09/07 v3.3 Provides the ifpdf switch
Package: etexcmds 2016/05/16 v1.6 Avoid name clashes with e-TeX commands (HO)
Package: kvsetkeys 2016/05/16 v1.17 Key value parser (HO)
Package: kvdefinekeys 2016/05/16 v1.4 Define keys (HO)
Package: pdftexcmds 2018/09/10 v0.29 Utility functions of pdfTeX for LuaTeX (HO
)
Package pdftexcmds Info: LuaTeX not detected.
Package pdftexcmds Info: \pdf@primitive is available.
Package pdftexcmds Info: \pdf@ifprimitive is available.
Package pdftexcmds Info: \pdfdraftmode found.
Package: pdfescape 2016/05/16 v1.14 Implements pdfTeX's escape features (HO)
Package: bigintcalc 2016/05/16 v1.4 Expandable calculations on big integers (HO
)
Package: bitset 2016/05/16 v1.2 Handle bit-vector datatype (HO)
Package: uniquecounter 2016/05/16 v1.3 Provide unlimited unique counter (HO)
)
Package hobsub Info: Skipping package `hobsub' (already loaded).
Package: letltxmacro 2016/05/16 v1.5 Let assignment for LaTeX macros (HO)
Package: hopatch 2016/05/16 v1.3 Wrapper for package hooks (HO)
Package: xcolor-patch 2016/05/16 xcolor patch
Package: atveryend 2016/05/16 v1.9 Hooks at the very end of document (HO)
Package atveryend Info: \enddocument detected (standard20110627).
Package: atbegshi 2016/06/09 v1.18 At begin shipout hook (HO)
Package: refcount 2016/05/16 v3.5 Data extraction from label references (HO)
Package: hycolor 2016/05/16 v1.8 Color options for hyperref/bookmark (HO)
)
(/usr/local/texlive/2019/texmf-dist/tex/generic/ifxetex/ifxetex.sty
Package: ifxetex 2010/09/12 v0.6 Provides ifxetex conditional
)
(/usr/local/texlive/2019/texmf-dist/tex/latex/oberdiek/auxhook.sty
Package: auxhook 2016/05/16 v1.4 Hooks for auxiliary files (HO)
)
(/usr/local/texlive/2019/texmf-dist/tex/latex/oberdiek/kvoptions.sty
Package: kvoptions 2016/05/16 v3.12 Key value format for package options (HO)
)
\@linkdim=\dimen112
\Hy@linkcounter=\count103
\Hy@pagecounter=\count104

(/usr/local/texlive/2019/texmf-dist/tex/latex/hyperref/pd1enc.def
File: pd1enc.def 2018/11/30 v6.88e Hyperref: PDFDocEncoding definition (HO)
)
\Hy@SavedSpaceFactor=\count105

(/usr/local/texlive/2019/texmf-dist/tex/latex/latexconfig/hyperref.cfg
File: hyperref.cfg 2002/06/06 v1.2 hyperref configuration of TeXLive
)
Package hyperref Info: Hyper figures OFF on input line 4519.
Package hyperref Info: Link nesting OFF on input line 4524.
Package hyperref Info: Hyper index ON on input line 4527.
Package hyperref Info: Plain pages OFF on input line 4534.
Package hyperref Info: Backreferencing OFF on input line 4539.
Package hyperref Info: Implicit mode ON; LaTeX internals redefined.
Package hyperref Info: Bookmarks ON on input line 4772.
\c@Hy@tempcnt=\count106

(/usr/local/texlive/2019/texmf-dist/tex/latex/url/url.sty
\Urlmuskip=\muskip11
Package: url 2013/09/16  ver 3.4  Verb mode for urls, etc.
)
LaTeX Info: Redefining \url on input line 5125.
\XeTeXLinkMargin=\dimen113
\Fld@menulength=\count107
\Field@Width=\dimen114
\Fld@charsize=\dimen115
Package hyperref Info: Hyper figures OFF on input line 6380.
Package hyperref Info: Link nesting OFF on input line 6385.
Package hyperref Info: Hyper index ON on input line 6388.
Package hyperref Info: backreferencing OFF on input line 6395.
Package hyperref Info: Link coloring OFF on input line 6400.
Package hyperref Info: Link coloring with OCG OFF on input line 6405.
Package hyperref Info: PDF/A mode OFF on input line 6410.
LaTeX Info: Redefining \ref on input line 6450.
LaTeX Info: Redefining \pageref on input line 6454.
\Hy@abspage=\count108
\c@Item=\count109
\c@Hfootnote=\count110
)
Package hyperref Info: Driver (autodetected): hpdftex.

(/usr/local/texlive/2019/texmf-dist/tex/latex/hyperref/hpdftex.def
File: hpdftex.def 2018/11/30 v6.88e Hyperref driver for pdfTeX
\Fld@listcount=\count111
\c@bookmark@seq@number=\count112

(/usr/local/texlive/2019/texmf-dist/tex/latex/oberdiek/rerunfilecheck.sty
Package: rerunfilecheck 2016/05/16 v1.8 Rerun checks for auxiliary files (HO)
Package uniquecounter Info: New unique counter `rerunfilecheck' on input line 2
82.
)
\Hy@SectionHShift=\skip61
)
(/usr/local/texlive/2019/texmf-dist/tex/latex/mdwtools/mdwlist.sty
Package: mdwlist 1996/05/02 1.1 Various list-related things
)
(/usr/local/texlive/2019/texmf-dist/tex/latex/graphics/graphicx.sty
Package: graphicx 2017/06/01 v1.1a Enhanced LaTeX Graphics (DPC,SPQR)

(/usr/local/texlive/2019/texmf-dist/tex/latex/graphics/graphics.sty
Package: graphics 2017/06/25 v1.2c Standard LaTeX Graphics (DPC,SPQR)

(/usr/local/texlive/2019/texmf-dist/tex/latex/graphics/trig.sty
Package: trig 2016/01/03 v1.10 sin cos tan (DPC)
)
(/usr/local/texlive/2019/texmf-dist/tex/latex/graphics-cfg/graphics.cfg
File: graphics.cfg 2016/06/04 v1.11 sample graphics configuration
)
Package graphics Info: Driver file: pdftex.def on input line 99.

(/usr/local/texlive/2019/texmf-dist/tex/latex/graphics-def/pdftex.def
File: pdftex.def 2018/01/08 v1.0l Graphics/color driver for pdftex
))
\Gin@req@height=\dimen116
\Gin@req@width=\dimen117
)
(/usr/local/texlive/2019/texmf-dist/tex/latex/tools/bm.sty
Package: bm 2017/01/16 v1.2c Bold Symbol Support (DPC/FMi)
\symboldoperators=\mathgroup4
\symboldletters=\mathgroup5
\symboldsymbols=\mathgroup6
LaTeX Font Info:    Redeclaring math alphabet \mathbf on input line 141.
LaTeX Info: Redefining \bm on input line 207.
)
(/usr/local/texlive/2019/texmf-dist/tex/latex/graphics/color.sty
Package: color 2016/07/10 v1.1e Standard LaTeX Color (DPC)

(/usr/local/texlive/2019/texmf-dist/tex/latex/graphics-cfg/color.cfg
File: color.cfg 2016/01/02 v1.6 sample color configuration
)
Package color Info: Driver file: pdftex.def on input line 147.
)
(/usr/local/texlive/2019/texmf-dist/tex/latex/subfig/subfig.sty
Package: subfig 2005/06/28 ver: 1.3 subfig package

(/usr/local/texlive/2019/texmf-dist/tex/latex/caption/caption.sty
Package: caption 2018/10/06 v3.3-154 Customizing captions (AR)

(/usr/local/texlive/2019/texmf-dist/tex/latex/caption/caption3.sty
Package: caption3 2018/09/12 v1.8c caption3 kernel (AR)
Package caption3 Info: TeX engine: e-TeX on input line 64.
\captionmargin=\dimen118
\captionmargin@=\dimen119
\captionwidth=\dimen120
\caption@tempdima=\dimen121
\caption@indent=\dimen122
\caption@parindent=\dimen123
\caption@hangindent=\dimen124
)
Package caption Info: KOMA-Script document class.
\c@caption@flags=\count113
\c@ContinuedFloat=\count114
Package caption Info: hyperref package is loaded.
)
\c@KVtest=\count115
\sf@farskip=\skip62
\sf@captopadj=\dimen125
\sf@capskip=\skip63
\sf@nearskip=\skip64
\c@subfigure=\count116
\c@subfigure@save=\count117
\c@lofdepth=\count118
\c@subtable=\count119
\c@subtable@save=\count120
\c@lotdepth=\count121
\sf@top=\skip65
\sf@bottom=\skip66
)
(/usr/local/texlive/2019/texmf-dist/tex/latex/pgf/frontendlayer/tikz.sty
(/usr/local/texlive/2019/texmf-dist/tex/latex/pgf/basiclayer/pgf.sty
(/usr/local/texlive/2019/texmf-dist/tex/latex/pgf/utilities/pgfrcs.sty
(/usr/local/texlive/2019/texmf-dist/tex/generic/pgf/utilities/pgfutil-common.te
x
\pgfutil@everybye=\toks25
\pgfutil@tempdima=\dimen126
\pgfutil@tempdimb=\dimen127

(/usr/local/texlive/2019/texmf-dist/tex/generic/pgf/utilities/pgfutil-common-li
sts.tex))
(/usr/local/texlive/2019/texmf-dist/tex/generic/pgf/utilities/pgfutil-latex.def
\pgfutil@abb=\box31
(/usr/local/texlive/2019/texmf-dist/tex/latex/ms/everyshi.sty
Package: everyshi 2001/05/15 v3.00 EveryShipout Package (MS)
))
(/usr/local/texlive/2019/texmf-dist/tex/generic/pgf/utilities/pgfrcs.code.tex
(/usr/local/texlive/2019/texmf-dist/tex/generic/pgf/pgf.revision.tex)
Package: pgfrcs 2019/04/04 v3.1.2 (3.1.2)
))
Package: pgf 2019/04/04 v3.1.2 (3.1.2)

(/usr/local/texlive/2019/texmf-dist/tex/latex/pgf/basiclayer/pgfcore.sty
(/usr/local/texlive/2019/texmf-dist/tex/latex/pgf/systemlayer/pgfsys.sty
(/usr/local/texlive/2019/texmf-dist/tex/generic/pgf/systemlayer/pgfsys.code.tex
Package: pgfsys 2019/04/04 v3.1.2 (3.1.2)
(/usr/local/texlive/2019/texmf-dist/tex/generic/pgf/utilities/pgfkeys.code.tex
\pgfkeys@pathtoks=\toks26
\pgfkeys@temptoks=\toks27

(/usr/local/texlive/2019/texmf-dist/tex/generic/pgf/utilities/pgfkeysfiltered.c
ode.tex
\pgfkeys@tmptoks=\toks28
))
\pgf@x=\dimen128
\pgf@y=\dimen129
\pgf@xa=\dimen130
\pgf@ya=\dimen131
\pgf@xb=\dimen132
\pgf@yb=\dimen133
\pgf@xc=\dimen134
\pgf@yc=\dimen135
\w@pgf@writea=\write3
\r@pgf@reada=\read1
\c@pgf@counta=\count122
\c@pgf@countb=\count123
\c@pgf@countc=\count124
\c@pgf@countd=\count125
\t@pgf@toka=\toks29
\t@pgf@tokb=\toks30
\t@pgf@tokc=\toks31
\pgf@sys@id@count=\count126

(/usr/local/texlive/2019/texmf-dist/tex/generic/pgf/systemlayer/pgf.cfg
File: pgf.cfg 2019/04/04 v3.1.2 (3.1.2)
)
Driver file for pgf: pgfsys-pdftex.def

(/usr/local/texlive/2019/texmf-dist/tex/generic/pgf/systemlayer/pgfsys-pdftex.d
ef
File: pgfsys-pdftex.def 2019/04/04 v3.1.2 (3.1.2)

(/usr/local/texlive/2019/texmf-dist/tex/generic/pgf/systemlayer/pgfsys-common-p
df.def
File: pgfsys-common-pdf.def 2019/04/04 v3.1.2 (3.1.2)
)))
(/usr/local/texlive/2019/texmf-dist/tex/generic/pgf/systemlayer/pgfsyssoftpath.
code.tex
File: pgfsyssoftpath.code.tex 2019/04/04 v3.1.2 (3.1.2)
\pgfsyssoftpath@smallbuffer@items=\count127
\pgfsyssoftpath@bigbuffer@items=\count128
)
(/usr/local/texlive/2019/texmf-dist/tex/generic/pgf/systemlayer/pgfsysprotocol.
code.tex
File: pgfsysprotocol.code.tex 2019/04/04 v3.1.2 (3.1.2)
)) (/usr/local/texlive/2019/texmf-dist/tex/latex/xcolor/xcolor.sty
Package: xcolor 2016/05/11 v2.12 LaTeX color extensions (UK)

(/usr/local/texlive/2019/texmf-dist/tex/latex/graphics-cfg/color.cfg
File: color.cfg 2016/01/02 v1.6 sample color configuration
)
Package xcolor Info: Driver file: pdftex.def on input line 225.
LaTeX Info: Redefining \color on input line 709.
Package xcolor Info: Model `cmy' substituted by `cmy0' on input line 1348.
Package xcolor Info: Model `hsb' substituted by `rgb' on input line 1352.
Package xcolor Info: Model `RGB' extended on input line 1364.
Package xcolor Info: Model `HTML' substituted by `rgb' on input line 1366.
Package xcolor Info: Model `Hsb' substituted by `hsb' on input line 1367.
Package xcolor Info: Model `tHsb' substituted by `hsb' on input line 1368.
Package xcolor Info: Model `HSB' substituted by `hsb' on input line 1369.
Package xcolor Info: Model `Gray' substituted by `gray' on input line 1370.
Package xcolor Info: Model `wave' substituted by `hsb' on input line 1371.
)
(/usr/local/texlive/2019/texmf-dist/tex/generic/pgf/basiclayer/pgfcore.code.tex
Package: pgfcore 2019/04/04 v3.1.2 (3.1.2)
(/usr/local/texlive/2019/texmf-dist/tex/generic/pgf/math/pgfmath.code.tex
(/usr/local/texlive/2019/texmf-dist/tex/generic/pgf/math/pgfmathcalc.code.tex
(/usr/local/texlive/2019/texmf-dist/tex/generic/pgf/math/pgfmathutil.code.tex)
(/usr/local/texlive/2019/texmf-dist/tex/generic/pgf/math/pgfmathparser.code.tex
\pgfmath@dimen=\dimen136
\pgfmath@count=\count129
\pgfmath@box=\box32
\pgfmath@toks=\toks32
\pgfmath@stack@operand=\toks33
\pgfmath@stack@operation=\toks34
)
(/usr/local/texlive/2019/texmf-dist/tex/generic/pgf/math/pgfmathfunctions.code.
tex
(/usr/local/texlive/2019/texmf-dist/tex/generic/pgf/math/pgfmathfunctions.basic
.code.tex)
(/usr/local/texlive/2019/texmf-dist/tex/generic/pgf/math/pgfmathfunctions.trigo
nometric.code.tex)
(/usr/local/texlive/2019/texmf-dist/tex/generic/pgf/math/pgfmathfunctions.rando
m.code.tex)
(/usr/local/texlive/2019/texmf-dist/tex/generic/pgf/math/pgfmathfunctions.compa
rison.code.tex)
(/usr/local/texlive/2019/texmf-dist/tex/generic/pgf/math/pgfmathfunctions.base.
code.tex)
(/usr/local/texlive/2019/texmf-dist/tex/generic/pgf/math/pgfmathfunctions.round
.code.tex)
(/usr/local/texlive/2019/texmf-dist/tex/generic/pgf/math/pgfmathfunctions.misc.
code.tex)
(/usr/local/texlive/2019/texmf-dist/tex/generic/pgf/math/pgfmathfunctions.integ
erarithmetics.code.tex)))
(/usr/local/texlive/2019/texmf-dist/tex/generic/pgf/math/pgfmathfloat.code.tex
\c@pgfmathroundto@lastzeros=\count130
))
(/usr/local/texlive/2019/texmf-dist/tex/generic/pgf/basiclayer/pgfcorepoints.co
de.tex
File: pgfcorepoints.code.tex 2019/04/04 v3.1.2 (3.1.2)
\pgf@picminx=\dimen137
\pgf@picmaxx=\dimen138
\pgf@picminy=\dimen139
\pgf@picmaxy=\dimen140
\pgf@pathminx=\dimen141
\pgf@pathmaxx=\dimen142
\pgf@pathminy=\dimen143
\pgf@pathmaxy=\dimen144
\pgf@xx=\dimen145
\pgf@xy=\dimen146
\pgf@yx=\dimen147
\pgf@yy=\dimen148
\pgf@zx=\dimen149
\pgf@zy=\dimen150
)
(/usr/local/texlive/2019/texmf-dist/tex/generic/pgf/basiclayer/pgfcorepathconst
ruct.code.tex
File: pgfcorepathconstruct.code.tex 2019/04/04 v3.1.2 (3.1.2)
\pgf@path@lastx=\dimen151
\pgf@path@lasty=\dimen152
)
(/usr/local/texlive/2019/texmf-dist/tex/generic/pgf/basiclayer/pgfcorepathusage
.code.tex
File: pgfcorepathusage.code.tex 2019/04/04 v3.1.2 (3.1.2)
\pgf@shorten@end@additional=\dimen153
\pgf@shorten@start@additional=\dimen154
)
(/usr/local/texlive/2019/texmf-dist/tex/generic/pgf/basiclayer/pgfcorescopes.co
de.tex
File: pgfcorescopes.code.tex 2019/04/04 v3.1.2 (3.1.2)
\pgfpic=\box33
\pgf@hbox=\box34
\pgf@layerbox@main=\box35
\pgf@picture@serial@count=\count131
)
(/usr/local/texlive/2019/texmf-dist/tex/generic/pgf/basiclayer/pgfcoregraphicst
ate.code.tex
File: pgfcoregraphicstate.code.tex 2019/04/04 v3.1.2 (3.1.2)
\pgflinewidth=\dimen155
)
(/usr/local/texlive/2019/texmf-dist/tex/generic/pgf/basiclayer/pgfcoretransform
ations.code.tex
File: pgfcoretransformations.code.tex 2019/04/04 v3.1.2 (3.1.2)
\pgf@pt@x=\dimen156
\pgf@pt@y=\dimen157
\pgf@pt@temp=\dimen158
)
(/usr/local/texlive/2019/texmf-dist/tex/generic/pgf/basiclayer/pgfcorequick.cod
e.tex
File: pgfcorequick.code.tex 2019/04/04 v3.1.2 (3.1.2)
)
(/usr/local/texlive/2019/texmf-dist/tex/generic/pgf/basiclayer/pgfcoreobjects.c
ode.tex
File: pgfcoreobjects.code.tex 2019/04/04 v3.1.2 (3.1.2)
)
(/usr/local/texlive/2019/texmf-dist/tex/generic/pgf/basiclayer/pgfcorepathproce
ssing.code.tex
File: pgfcorepathprocessing.code.tex 2019/04/04 v3.1.2 (3.1.2)
)
(/usr/local/texlive/2019/texmf-dist/tex/generic/pgf/basiclayer/pgfcorearrows.co
de.tex
File: pgfcorearrows.code.tex 2019/04/04 v3.1.2 (3.1.2)
\pgfarrowsep=\dimen159
)
(/usr/local/texlive/2019/texmf-dist/tex/generic/pgf/basiclayer/pgfcoreshade.cod
e.tex
File: pgfcoreshade.code.tex 2019/04/04 v3.1.2 (3.1.2)
\pgf@max=\dimen160
\pgf@sys@shading@range@num=\count132
\pgf@shadingcount=\count133
)
(/usr/local/texlive/2019/texmf-dist/tex/generic/pgf/basiclayer/pgfcoreimage.cod
e.tex
File: pgfcoreimage.code.tex 2019/04/04 v3.1.2 (3.1.2)

(/usr/local/texlive/2019/texmf-dist/tex/generic/pgf/basiclayer/pgfcoreexternal.
code.tex
File: pgfcoreexternal.code.tex 2019/04/04 v3.1.2 (3.1.2)
\pgfexternal@startupbox=\box36
))
(/usr/local/texlive/2019/texmf-dist/tex/generic/pgf/basiclayer/pgfcorelayers.co
de.tex
File: pgfcorelayers.code.tex 2019/04/04 v3.1.2 (3.1.2)
)
(/usr/local/texlive/2019/texmf-dist/tex/generic/pgf/basiclayer/pgfcoretranspare
ncy.code.tex
File: pgfcoretransparency.code.tex 2019/04/04 v3.1.2 (3.1.2)
)
(/usr/local/texlive/2019/texmf-dist/tex/generic/pgf/basiclayer/pgfcorepatterns.
code.tex
File: pgfcorepatterns.code.tex 2019/04/04 v3.1.2 (3.1.2)
)
(/usr/local/texlive/2019/texmf-dist/tex/generic/pgf/basiclayer/pgfcorerdf.code.
tex
File: pgfcorerdf.code.tex 2019/04/04 v3.1.2 (3.1.2)
)))
(/usr/local/texlive/2019/texmf-dist/tex/generic/pgf/modules/pgfmoduleshapes.cod
e.tex
File: pgfmoduleshapes.code.tex 2019/04/04 v3.1.2 (3.1.2)
\pgfnodeparttextbox=\box37
)
(/usr/local/texlive/2019/texmf-dist/tex/generic/pgf/modules/pgfmoduleplot.code.
tex
File: pgfmoduleplot.code.tex 2019/04/04 v3.1.2 (3.1.2)
)
(/usr/local/texlive/2019/texmf-dist/tex/latex/pgf/compatibility/pgfcomp-version
-0-65.sty
Package: pgfcomp-version-0-65 2019/04/04 v3.1.2 (3.1.2)
\pgf@nodesepstart=\dimen161
\pgf@nodesepend=\dimen162
)
(/usr/local/texlive/2019/texmf-dist/tex/latex/pgf/compatibility/pgfcomp-version
-1-18.sty
Package: pgfcomp-version-1-18 2019/04/04 v3.1.2 (3.1.2)
))
(/usr/local/texlive/2019/texmf-dist/tex/latex/pgf/utilities/pgffor.sty
(/usr/local/texlive/2019/texmf-dist/tex/latex/pgf/utilities/pgfkeys.sty
(/usr/local/texlive/2019/texmf-dist/tex/generic/pgf/utilities/pgfkeys.code.tex)
) (/usr/local/texlive/2019/texmf-dist/tex/latex/pgf/math/pgfmath.sty
(/usr/local/texlive/2019/texmf-dist/tex/generic/pgf/math/pgfmath.code.tex))
(/usr/local/texlive/2019/texmf-dist/tex/generic/pgf/utilities/pgffor.code.tex
Package: pgffor 2019/04/04 v3.1.2 (3.1.2)

(/usr/local/texlive/2019/texmf-dist/tex/generic/pgf/math/pgfmath.code.tex)
\pgffor@iter=\dimen163
\pgffor@skip=\dimen164
\pgffor@stack=\toks35
\pgffor@toks=\toks36
))
(/usr/local/texlive/2019/texmf-dist/tex/generic/pgf/frontendlayer/tikz/tikz.cod
e.tex
Package: tikz 2019/04/04 v3.1.2 (3.1.2)

(/usr/local/texlive/2019/texmf-dist/tex/generic/pgf/libraries/pgflibraryplothan
dlers.code.tex
File: pgflibraryplothandlers.code.tex 2019/04/04 v3.1.2 (3.1.2)
\pgf@plot@mark@count=\count134
\pgfplotmarksize=\dimen165
)
\tikz@lastx=\dimen166
\tikz@lasty=\dimen167
\tikz@lastxsaved=\dimen168
\tikz@lastysaved=\dimen169
\tikzleveldistance=\dimen170
\tikzsiblingdistance=\dimen171
\tikz@figbox=\box38
\tikz@figbox@bg=\box39
\tikz@tempbox=\box40
\tikz@tempbox@bg=\box41
\tikztreelevel=\count135
\tikznumberofchildren=\count136
\tikznumberofcurrentchild=\count137
\tikz@fig@count=\count138

(/usr/local/texlive/2019/texmf-dist/tex/generic/pgf/modules/pgfmodulematrix.cod
e.tex
File: pgfmodulematrix.code.tex 2019/04/04 v3.1.2 (3.1.2)
\pgfmatrixcurrentrow=\count139
\pgfmatrixcurrentcolumn=\count140
\pgf@matrix@numberofcolumns=\count141
)
\tikz@expandcount=\count142

(/usr/local/texlive/2019/texmf-dist/tex/generic/pgf/frontendlayer/tikz/librarie
s/tikzlibrarytopaths.code.tex
File: tikzlibrarytopaths.code.tex 2019/04/04 v3.1.2 (3.1.2)
)))
(/usr/local/texlive/2019/texmf-dist/tex/generic/ulem/ulem.sty
\UL@box=\box42
\UL@hyphenbox=\box43
\UL@skip=\skip67
\UL@hook=\toks37
\UL@height=\dimen172
\UL@pe=\count143
\UL@pixel=\dimen173
\ULC@box=\box44
Package: ulem 2012/05/18
\ULdepth=\dimen174
)
(/usr/local/texlive/2019/texmf-dist/tex/latex/cancel/cancel.sty
Package: cancel 2013/04/12 v2.2 Cancel math terms
)
(/usr/local/texlive/2019/texmf-dist/tex/latex/amsfonts/amsfonts.sty
Package: amsfonts 2013/01/14 v3.01 Basic AMSFonts support
\symAMSa=\mathgroup7
\symAMSb=\mathgroup8
LaTeX Font Info:    Overwriting math alphabet `\mathfrak' in version `bold'
(Font)                  U/euf/m/n --> U/euf/b/n on input line 106.
)
(/usr/local/texlive/2019/texmf-dist/tex/latex/jknapltx/mathrsfs.sty
Package: mathrsfs 1996/01/01 Math RSFS package v1.0 (jk)
\symrsfs=\mathgroup9
)
(/usr/local/texlive/2019/texmf-dist/tex/latex/graphics/rotating.sty
Package: rotating 2016/08/11 v2.16d rotated objects in LaTeX

(/usr/local/texlive/2019/texmf-dist/tex/latex/base/ifthen.sty
Package: ifthen 2014/09/29 v1.1c Standard LaTeX ifthen package (DPC)
)
\c@r@tfl@t=\count144
\rotFPtop=\skip68
\rotFPbot=\skip69
\rot@float@box=\box45
\rot@mess@toks=\toks38
)
(/usr/local/texlive/2019/texmf-dist/tex/latex/booktabs/booktabs.sty
Package: booktabs 2016/04/27 v1.618033 publication quality tables
\heavyrulewidth=\dimen175
\lightrulewidth=\dimen176
\cmidrulewidth=\dimen177
\belowrulesep=\dimen178
\belowbottomsep=\dimen179
\aboverulesep=\dimen180
\abovetopsep=\dimen181
\cmidrulesep=\dimen182
\cmidrulekern=\dimen183
\defaultaddspace=\dimen184
\@cmidla=\count145
\@cmidlb=\count146
\@aboverulesep=\dimen185
\@belowrulesep=\dimen186
\@thisruleclass=\count147
\@lastruleclass=\count148
\@thisrulewidth=\dimen187
)
(/usr/local/texlive/2019/texmf-dist/tex/latex/tabulary/tabulary.sty
Package: tabulary 2014/06/11 v0.10 tabulary package (DPC)

(/usr/local/texlive/2019/texmf-dist/tex/latex/tools/array.sty
Package: array 2018/12/30 v2.4k Tabular extension package (FMi)
\col@sep=\dimen188
\ar@mcellbox=\box46
\extrarowheight=\dimen189
\NC@list=\toks39
\extratabsurround=\skip70
\backup@length=\skip71
\ar@cellbox=\box47
)
\TY@count=\count149
\TY@linewidth=\dimen190
\tymin=\dimen191
\tymax=\dimen192
\TY@tablewidth=\dimen193
)
(/usr/local/texlive/2019/texmf-dist/tex/latex/amsfonts/amssymb.sty
Package: amssymb 2013/01/14 v3.01 AMS font symbols
) (./main.aux

LaTeX Warning: Label `gap_fun' multiply defined.


LaTeX Warning: Label `weak_pert_2' multiply defined.


LaTeX Warning: Label `weak_pert_2' multiply defined.


LaTeX Warning: Label `weak_pert_2' multiply defined.


LaTeX Warning: Label `mEI' multiply defined.


LaTeX Warning: Label `fig:EV_1.5' multiply defined.


LaTeX Warning: Label `fig:EV_1.5' multiply defined.

)
\openout1 = `main.aux'.

LaTeX Font Info:    Checking defaults for OML/cmm/m/it on input line 17.
LaTeX Font Info:    ... okay on input line 17.
LaTeX Font Info:    Checking defaults for T1/cmr/m/n on input line 17.
LaTeX Font Info:    ... okay on input line 17.
LaTeX Font Info:    Checking defaults for OT1/cmr/m/n on input line 17.
LaTeX Font Info:    ... okay on input line 17.
LaTeX Font Info:    Checking defaults for OMS/cmsy/m/n on input line 17.
LaTeX Font Info:    ... okay on input line 17.
LaTeX Font Info:    Checking defaults for OMX/cmex/m/n on input line 17.
LaTeX Font Info:    ... okay on input line 17.
LaTeX Font Info:    Checking defaults for U/cmr/m/n on input line 17.
LaTeX Font Info:    ... okay on input line 17.
LaTeX Font Info:    Checking defaults for PD1/pdf/m/n on input line 17.
LaTeX Font Info:    ... okay on input line 17.
 (/usr/local/texlive/2019/texmf-dist/tex/latex/ucs/ucsencs.def
File: ucsencs.def 2011/01/21 Fixes to fontencodings LGR, T3
)
\AtBeginShipoutBox=\box48
Package hyperref Info: Link coloring OFF on input line 17.

(/usr/local/texlive/2019/texmf-dist/tex/latex/hyperref/nameref.sty
Package: nameref 2016/05/21 v2.44 Cross-referencing by name of section

(/usr/local/texlive/2019/texmf-dist/tex/generic/oberdiek/gettitlestring.sty
Package: gettitlestring 2016/05/16 v1.5 Cleanup title references (HO)
)
\c@section@level=\count150
)
LaTeX Info: Redefining \ref on input line 17.
LaTeX Info: Redefining \pageref on input line 17.
LaTeX Info: Redefining \nameref on input line 17.

(./main.out) (./main.out)
\@outlinefile=\write4
\openout4 = `main.out'.

Class scrreprt Info: loading recommended package `bookmark'.
(scrreprt)           Using `bookmark' together with `hyperref' is recommended,
(scrreprt)           because of handling of possible bookmark level gaps.
(scrreprt)           You can avoid loading `bookmark' with KOMA-Script option
(scrreprt)           `bookmarkpackage=false' before \begin{document} and
(scrreprt)           you can avoid this message with `\usepackage{bookmark}'
(scrreprt)           before \begin{document} on input line 17.

(/usr/local/texlive/2019/texmf-dist/tex/latex/oberdiek/bookmark.sty
Package: bookmark 2016/05/17 v1.26 PDF bookmarks (HO)

(/usr/local/texlive/2019/texmf-dist/tex/latex/oberdiek/bkm-pdftex.def
File: bkm-pdftex.def 2016/05/17 v1.26 bookmark driver for pdfTeX (HO)
Package auxhook Info: \AddLineBeginMainAux comes a little late,
(auxhook)             because the main .aux file is already opened on input lin
e 164.
\BKM@id=\count151
))
(/usr/local/texlive/2019/texmf-dist/tex/context/base/mkii/supp-pdf.mkii
[Loading MPS to PDF converter (version 2006.09.02).]
\scratchcounter=\count152
\scratchdimen=\dimen194
\scratchbox=\box49
\nofMPsegments=\count153
\nofMParguments=\count154
\everyMPshowfont=\toks40
\MPscratchCnt=\count155
\MPscratchDim=\dimen195
\MPnumerator=\count156
\makeMPintoPDFobject=\count157
\everyMPtoPDFconversion=\toks41
) (/usr/local/texlive/2019/texmf-dist/tex/latex/oberdiek/epstopdf-base.sty
Package: epstopdf-base 2016/05/15 v2.6 Base part for package epstopdf

(/usr/local/texlive/2019/texmf-dist/tex/latex/oberdiek/grfext.sty
Package: grfext 2016/05/16 v1.2 Manage graphics extensions (HO)
)
Package epstopdf-base Info: Redefining graphics rule for `.eps' on input line 4
38.
Package grfext Info: Graphics extension search list:
(grfext)             [.pdf,.png,.jpg,.mps,.jpeg,.jbig2,.jb2,.PDF,.PNG,.JPG,.JPE
G,.JBIG2,.JB2,.eps]
(grfext)             \AppendGraphicsExtensions on input line 456.

(/usr/local/texlive/2019/texmf-dist/tex/latex/latexconfig/epstopdf-sys.cfg
File: epstopdf-sys.cfg 2010/07/13 v1.3 Configuration of (r)epstopdf for TeX Liv
e
))
Package caption Info: Begin \AtBeginDocument code.
Package caption Info: subfig package v1.3 is loaded.
Package caption Info: rotating package is loaded.
Package caption Info: End \AtBeginDocument code.

ABD: EveryShipout initializing macros
LaTeX Font Info:    Try loading font information for U+msa on input line 21.

(/usr/local/texlive/2019/texmf-dist/tex/latex/amsfonts/umsa.fd
File: umsa.fd 2013/01/14 v3.01 AMS symbols A
)
LaTeX Font Info:    Try loading font information for U+msb on input line 21.

(/usr/local/texlive/2019/texmf-dist/tex/latex/amsfonts/umsb.fd
File: umsb.fd 2013/01/14 v3.01 AMS symbols B
)
LaTeX Font Info:    Try loading font information for U+rsfs on input line 21.

(/usr/local/texlive/2019/texmf-dist/tex/latex/jknapltx/ursfs.fd
File: ursfs.fd 1998/03/24 rsfs font definition file (jk)
)
(./Introduction/Introduction.tex [1

{/usr/local/texlive/2019/texmf-var/fonts/map/pdftex/updmap/pdftex.map}]
chapter 1.
LaTeX Font Info:    Try loading font information for T1+cmss on input line 1.
(/usr/local/texlive/2019/texmf-dist/tex/latex/base/t1cmss.fd
File: t1cmss.fd 2014/09/29 v2.5h Standard LaTeX font definitions
))
(./Chapter1/model_description.tex [2

]
chapter 2.

Underfull \hbox (badness 10000) in paragraph at lines 2--3

 []

LaTeX Font Info:    Try loading font information for U+euf on input line 6.
(/usr/local/texlive/2019/texmf-dist/tex/latex/amsfonts/ueuf.fd
File: ueuf.fd 2013/01/14 v3.01 Euler Fraktur
)
Underfull \hbox (badness 10000) in paragraph at lines 4--8

 []

[3

] (/usr/local/texlive/2019/texmf-dist/tex/latex/ucs/data/uni-0.def
File: uni-0.def 2013/05/13 UCS: Unicode data U+0000..U+00FF
)
Underfull \hbox (badness 10000) in paragraph at lines 32--33

 []


Underfull \hbox (badness 10000) in paragraph at lines 46--47

 []


Underfull \hbox (badness 10000) in paragraph at lines 49--50

 []


Underfull \hbox (badness 10000) in paragraph at lines 51--52

 []


Underfull \hbox (badness 10000) in paragraph at lines 58--64

 []

[4]

LaTeX Warning: Reference `contact_fem' on page 5 undefined on input line 78.


Underfull \hbox (badness 10000) in paragraph at lines 78--79

 []


Underfull \hbox (badness 10000) in paragraph at lines 97--98

 []

[5]
<Chapter1/Pictures/signorini.pdf, id=75, 565.6315pt x 553.81955pt>
File: Chapter1/Pictures/signorini.pdf Graphic file (type pdf)
<use Chapter1/Pictures/signorini.pdf>
Package pdftex.def Info: Chapter1/Pictures/signorini.pdf  used on input line 10
1.
(pdftex.def)             Requested size: 243.2168pt x 238.13776pt.
 [6 <./Chapter1/Pictures/signorini.pdf>]
Underfull \hbox (badness 10000) in paragraph at lines 140--141

 []

<Chapter1/Pictures/Coul_Amon.pdf, id=100, 619.10117pt x 572.48701pt>
File: Chapter1/Pictures/Coul_Amon.pdf Graphic file (type pdf)
<use Chapter1/Pictures/Coul_Amon.pdf>
Package pdftex.def Info: Chapter1/Pictures/Coul_Amon.pdf  used on input line 14
4.
(pdftex.def)             Requested size: 266.20831pt x 246.16461pt.

Underfull \vbox (badness 8094) has occurred while \output is active []

 [7 <./Chapter1/Pictures/Coul_Amon.pdf>]
Underfull \hbox (badness 10000) in paragraph at lines 178--180

 []


Underfull \hbox (badness 10000) in paragraph at lines 181--186

 []


Underfull \hbox (badness 10000) in paragraph at lines 187--191

 []

[8]
Underfull \hbox (badness 10000) in paragraph at lines 201--203

 []

[9]
Underfull \hbox (badness 10000) in paragraph at lines 238--239

 []


Underfull \hbox (badness 10000) in paragraph at lines 240--241

 []


Underfull \hbox (badness 10000) in paragraph at lines 242--243

 []


Underfull \hbox (badness 10000) in paragraph at lines 244--245

 []


Underfull \hbox (badness 10000) in paragraph at lines 246--247

 []


Underfull \hbox (badness 10000) in paragraph at lines 248--249

 []


Underfull \hbox (badness 10000) in paragraph at lines 254--256

 []

[10]
Underfull \hbox (badness 10000) in paragraph at lines 280--283

 []

[11]
Underfull \hbox (badness 10000) in paragraph at lines 302--305

 []


Underfull \hbox (badness 10000) in paragraph at lines 320--321

 []


Underfull \hbox (badness 10000) in paragraph at lines 328--329

 []

[12]
Underfull \hbox (badness 10000) in paragraph at lines 330--331

 []


Underfull \hbox (badness 10000) in paragraph at lines 344--345

 []


Underfull \hbox (badness 10000) in paragraph at lines 355--356

 []


Underfull \hbox (badness 10000) in paragraph at lines 368--372

 []


Underfull \hbox (badness 10000) in paragraph at lines 373--374

 []

[13]
Underfull \hbox (badness 10000) in paragraph at lines 392--393

 []

[14] [15]
Overfull \hbox (23.74649pt too wide) detected at line 472
 []$[] \OT1/cmr/m/n/12 + [][] \OT1/cmr/m/it/12 p\OT1/cmr/m/n/12 [([] \OMS/cmsy/
m/n/12 ^^@ []\OT1/cmr/m/n/12 )\OML/cmm/m/it/12 :[][]\OT1/cmr/m/n/12 ]\OML/cmm/b
/it/12 v[]\OML/cmm/m/it/12 :[][]  d[] \OMS/cmsy/m/n/12 ^^@ [][] \OML/cmm/m/it/1
2 ^^V\OT1/cmr/m/it/12 p\OT1/cmr/m/n/12 [([] \OMS/cmsy/m/n/12 ^^@ []\OT1/cmr/m/n
/12 )\OML/cmm/m/it/12 :[][]\OT1/cmr/m/n/12 ]\OML/cmm/b/it/12 v[]\OML/cmm/m/it/1
2 :[][]  d[][]^^N\OML/cmm/b/it/12 #[] \OT1/cmr/m/n/12 = 0$ []  
 []


Underfull \hbox (badness 10000) in paragraph at lines 474--475

 []


Overfull \hbox (23.19696pt too wide) detected at line 483
 []$[] \OT1/cmr/m/n/12 + [][] \OT1/cmr/m/it/12 p\OT1/cmr/m/n/12 [([][] \OMS/cms
y/m/n/12 ^^@ [][]\OT1/cmr/m/n/12 )\OML/cmm/m/it/12 :[][]\OT1/cmr/m/n/12 ][][]\O
ML/cmm/b/it/12 v[]\OML/cmm/m/it/12 :[][]  d[] \OMS/cmsy/m/n/12 ^^@ [][] \OML/cm
m/m/it/12 ^^V\OT1/cmr/m/it/12 p\OT1/cmr/m/n/12 [([][] \OMS/cmsy/m/n/12 ^^@ [][]
\OT1/cmr/m/n/12 )\OML/cmm/m/it/12 :[][]\OT1/cmr/m/n/12 ][][]\OML/cmm/b/it/12 v[
]\OML/cmm/m/it/12 :[][]  d[][] \OT1/cmr/m/n/12 = 0$ 
 []

[16]
Underfull \hbox (badness 10000) in paragraph at lines 492--494

 []


Underfull \hbox (badness 10000) in paragraph at lines 509--510

 []

[17]
Underfull \hbox (badness 10000) in paragraph at lines 534--536

 []


Overfull \hbox (13.03975pt too wide) in paragraph at lines 537--538
\T1/cmr/m/n/12 trans-for-ma-tion $\OT1/cmr/bx/n/12 ^^B[] \OT1/cmr/m/n/12 = \OT1
/cmr/bx/n/12 K[]K[]$ \T1/cmr/m/n/12 and the ma-trix of eigen-vec-tors $\OT1/cmr
/bx/n/12 ^^B[] \OT1/cmr/m/n/12 = [^^B[] ^^B[]  []  ^^B[]]$
 []


Underfull \hbox (badness 10000) in paragraph at lines 537--538

 []


Underfull \hbox (badness 10000) in paragraph at lines 549--554

 []


Overfull \hbox (49.90437pt too wide) in paragraph at lines 573--583
[][]\OT1/cmr/m/n/12 (\OT1/cmr/bx/n/12 M[] \OMS/cmsy/m/n/12 ^^@ \OT1/cmr/bx/n/12
 M[]K[]K[]\OT1/cmr/m/n/12 )$ \T1/cmr/m/n/12 and $[] \OT1/cmr/m/n/12 = \OT1/cmr/
bx/n/12 M[] \OMS/cmsy/m/n/12 ^^@ \OT1/cmr/bx/n/12 M[]K[]K[] \OMS/cmsy/m/n/12 ^^
@ \OT1/cmr/bx/n/12 K[]K[]M[] \OT1/cmr/m/n/12 + \OT1/cmr/bx/n/12 K[]K[]M[]K[]K[]
$\T1/cmr/m/n/12 .
 []

[18]
Underfull \hbox (badness 10000) in paragraph at lines 637--642

 []


Underfull \hbox (badness 10000) in paragraph at lines 749--750

 []

[19]

LaTeX Warning: Reference `mat_dyn_ref' on page 20 undefined on input line 751.


Underfull \hbox (badness 10000) in paragraph at lines 764--766

 []

LaTeX Font Info:    Try loading font information for OMS+cmr on input line 769.

(/usr/local/texlive/2019/texmf-dist/tex/latex/base/omscmr.fd
File: omscmr.fd 2014/09/29 v2.5h Standard LaTeX font definitions
)
LaTeX Font Info:    Font shape `OMS/cmr/m/n' in size <12> not available
(Font)              Font shape `OMS/cmsy/m/n' tried instead on input line 769.
 [20]
Underfull \hbox (badness 10000) in paragraph at lines 784--785

 []

<Chapter1/Pictures/Shape_5.png, id=264, 775.89874pt x 866.23625pt>
File: Chapter1/Pictures/Shape_5.png Graphic file (type png)
<use Chapter1/Pictures/Shape_5.png>
Package pdftex.def Info: Chapter1/Pictures/Shape_5.png  used on input line 789.

(pdftex.def)             Requested size: 209.49545pt x 233.88692pt.
<Chapter1/Pictures/Shape_26.png, id=266, 776.9025pt x 866.23625pt>
File: Chapter1/Pictures/Shape_26.png Graphic file (type png)
<use Chapter1/Pictures/Shape_26.png>
Package pdftex.def Info: Chapter1/Pictures/Shape_26.png  used on input line 791
.
(pdftex.def)             Requested size: 209.76646pt x 233.88692pt.
<Chapter1/Pictures/Shape_45.png, id=267, 776.9025pt x 866.23625pt>
File: Chapter1/Pictures/Shape_45.png Graphic file (type png)
<use Chapter1/Pictures/Shape_45.png>
Package pdftex.def Info: Chapter1/Pictures/Shape_45.png  used on input line 799
.
(pdftex.def)             Requested size: 209.76646pt x 233.88692pt.
<Chapter1/Pictures/Shape_82.png, id=268, 776.9025pt x 866.23625pt>
File: Chapter1/Pictures/Shape_82.png Graphic file (type png)
<use Chapter1/Pictures/Shape_82.png>
Package pdftex.def Info: Chapter1/Pictures/Shape_82.png  used on input line 801
.
(pdftex.def)             Requested size: 209.76646pt x 233.88692pt.

LaTeX Warning: `!h' float specifier changed to `!ht'.


Underfull \hbox (badness 10000) in paragraph at lines 806--810

 []

[21 <./Chapter1/Pictures/Shape_5.png> <./Chapter1/Pictures/Shape_26.png>]
Underfull \hbox (badness 10000) in paragraph at lines 820--827

 []

[22 <./Chapter1/Pictures/Shape_45.png> <./Chapter1/Pictures/Shape_82.png>]
Underfull \hbox (badness 10000) in paragraph at lines 857--858

 []

[23]) (./Chapter2/FEM_modelisation.tex [24]
chapter 3.

Underfull \hbox (badness 10000) in paragraph at lines 3--5

 []


Underfull \hbox (badness 10000) in paragraph at lines 14--22

 []


Underfull \hbox (badness 10000) in paragraph at lines 23--25

 []

[25

]
Underfull \hbox (badness 10000) in paragraph at lines 50--51

 []


Underfull \hbox (badness 10000) in paragraph at lines 59--60

 []

[26]
Underfull \hbox (badness 10000) in paragraph at lines 74--75

 []


Underfull \hbox (badness 10000) in paragraph at lines 161--162

 []

[27]
Underfull \hbox (badness 10000) in paragraph at lines 163--164

 []

Package epstopdf Info: Source file: <Chapter2/Pictures/Geo_pub_h1.eps>
(epstopdf)                    date: 2021-02-24 07:45:24
(epstopdf)                    size: 48338 bytes
(epstopdf)             Output file: <Chapter2/Pictures/Geo_pub_h1-eps-converted
-to.pdf>
(epstopdf)                    date: 2021-03-19 10:38:09
(epstopdf)                    size: 43399 bytes
(epstopdf)             Command: <repstopdf --outfile=Chapter2/Pictures/Geo_pub_
h1-eps-converted-to.pdf Chapter2/Pictures/Geo_pub_h1.eps>
(epstopdf)             \includegraphics on input line 168.
Package epstopdf Info: Output file is already uptodate.
<Chapter2/Pictures/Geo_pub_h1-eps-converted-to.pdf, id=352, 562.1pt x 421.575pt
>
File: Chapter2/Pictures/Geo_pub_h1-eps-converted-to.pdf Graphic file (type pdf)

<use Chapter2/Pictures/Geo_pub_h1-eps-converted-to.pdf>
Package pdftex.def Info: Chapter2/Pictures/Geo_pub_h1-eps-converted-to.pdf  use
d on input line 168.
(pdftex.def)             Requested size: 241.69829pt x 181.27371pt.
Package epstopdf Info: Source file: <Chapter2/Pictures/Geo_pub_h.eps>
(epstopdf)                    date: 2021-02-24 07:45:24
(epstopdf)                    size: 55511 bytes
(epstopdf)             Output file: <Chapter2/Pictures/Geo_pub_h-eps-converted-
to.pdf>
(epstopdf)                    date: 2021-03-19 10:38:10
(epstopdf)                    size: 49709 bytes
(epstopdf)             Command: <repstopdf --outfile=Chapter2/Pictures/Geo_pub_
h-eps-converted-to.pdf Chapter2/Pictures/Geo_pub_h.eps>
(epstopdf)             \includegraphics on input line 175.
Package epstopdf Info: Output file is already uptodate.
<Chapter2/Pictures/Geo_pub_h-eps-converted-to.pdf, id=353, 562.1pt x 421.575pt>

File: Chapter2/Pictures/Geo_pub_h-eps-converted-to.pdf Graphic file (type pdf)
<use Chapter2/Pictures/Geo_pub_h-eps-converted-to.pdf>
Package pdftex.def Info: Chapter2/Pictures/Geo_pub_h-eps-converted-to.pdf  used
 on input line 175.
(pdftex.def)             Requested size: 241.69829pt x 181.27371pt.
Package epstopdf Info: Source file: <Chapter2/Pictures/hvsh1_freq1.eps>
(epstopdf)                    date: 2021-02-24 07:45:24
(epstopdf)                    size: 45778 bytes
(epstopdf)             Output file: <Chapter2/Pictures/hvsh1_freq1-eps-converte
d-to.pdf>
(epstopdf)                    date: 2021-03-19 10:39:06
(epstopdf)                    size: 42149 bytes
(epstopdf)             Command: <repstopdf --outfile=Chapter2/Pictures/hvsh1_fr
eq1-eps-converted-to.pdf Chapter2/Pictures/hvsh1_freq1.eps>
(epstopdf)             \includegraphics on input line 182.
Package epstopdf Info: Output file is already uptodate.
<Chapter2/Pictures/hvsh1_freq1-eps-converted-to.pdf, id=354, 579.16376pt x 476.
78125pt>
File: Chapter2/Pictures/hvsh1_freq1-eps-converted-to.pdf Graphic file (type pdf
)
<use Chapter2/Pictures/hvsh1_freq1-eps-converted-to.pdf>
Package pdftex.def Info: Chapter2/Pictures/hvsh1_freq1-eps-converted-to.pdf  us
ed on input line 182.
(pdftex.def)             Requested size: 249.03555pt x 205.01193pt.
Package epstopdf Info: Source file: <Chapter2/Pictures/hvsh1_real.eps>
(epstopdf)                    date: 2021-02-24 07:45:24
(epstopdf)                    size: 16046 bytes
(epstopdf)             Output file: <Chapter2/Pictures/hvsh1_real-eps-converted
-to.pdf>
(epstopdf)                    date: 2021-03-19 10:39:07
(epstopdf)                    size: 6495 bytes
(epstopdf)             Command: <repstopdf --outfile=Chapter2/Pictures/hvsh1_re
al-eps-converted-to.pdf Chapter2/Pictures/hvsh1_real.eps>
(epstopdf)             \includegraphics on input line 189.
Package epstopdf Info: Output file is already uptodate.
<Chapter2/Pictures/hvsh1_real-eps-converted-to.pdf, id=359, 562.1pt x 421.575pt
>
File: Chapter2/Pictures/hvsh1_real-eps-converted-to.pdf Graphic file (type pdf)

<use Chapter2/Pictures/hvsh1_real-eps-converted-to.pdf>
Package pdftex.def Info: Chapter2/Pictures/hvsh1_real-eps-converted-to.pdf  use
d on input line 189.
(pdftex.def)             Requested size: 241.69829pt x 181.27371pt.

Underfull \hbox (badness 10000) in paragraph at lines 194--195

 []

Package epstopdf Info: Source file: <Chapter2/Pictures/Geo_pub_hh.eps>
(epstopdf)                    date: 2021-02-24 07:45:24
(epstopdf)                    size: 59064 bytes
(epstopdf)             Output file: <Chapter2/Pictures/Geo_pub_hh-eps-converted
-to.pdf>
(epstopdf)                    date: 2021-03-19 10:39:08
(epstopdf)                    size: 52721 bytes
(epstopdf)             Command: <repstopdf --outfile=Chapter2/Pictures/Geo_pub_
hh-eps-converted-to.pdf Chapter2/Pictures/Geo_pub_hh.eps>
(epstopdf)             \includegraphics on input line 198.
Package epstopdf Info: Output file is already uptodate.
<Chapter2/Pictures/Geo_pub_hh-eps-converted-to.pdf, id=372, 562.1pt x 421.575pt
>
File: Chapter2/Pictures/Geo_pub_hh-eps-converted-to.pdf Graphic file (type pdf)

<use Chapter2/Pictures/Geo_pub_hh-eps-converted-to.pdf>
Package pdftex.def Info: Chapter2/Pictures/Geo_pub_hh-eps-converted-to.pdf  use
d on input line 198.
(pdftex.def)             Requested size: 241.69829pt x 181.27371pt.
Package epstopdf Info: Source file: <Chapter2/Pictures/Geo_pub_hhhh.eps>
(epstopdf)                    date: 2021-02-24 07:45:24
(epstopdf)                    size: 68478 bytes
(epstopdf)             Output file: <Chapter2/Pictures/Geo_pub_hhhh-eps-convert
ed-to.pdf>
(epstopdf)                    date: 2021-03-19 10:39:08
(epstopdf)                    size: 60648 bytes
(epstopdf)             Command: <repstopdf --outfile=Chapter2/Pictures/Geo_pub_
hhhh-eps-converted-to.pdf Chapter2/Pictures/Geo_pub_hhhh.eps>
(epstopdf)             \includegraphics on input line 205.
Package epstopdf Info: Output file is already uptodate.
<Chapter2/Pictures/Geo_pub_hhhh-eps-converted-to.pdf, id=373, 562.1pt x 421.575
pt>
File: Chapter2/Pictures/Geo_pub_hhhh-eps-converted-to.pdf Graphic file (type pd
f)
<use Chapter2/Pictures/Geo_pub_hhhh-eps-converted-to.pdf>
Package pdftex.def Info: Chapter2/Pictures/Geo_pub_hhhh-eps-converted-to.pdf  u
sed on input line 205.
(pdftex.def)             Requested size: 241.69829pt x 181.27371pt.
Package epstopdf Info: Source file: <Chapter2/Pictures/hhvshhhh_freq.eps>
(epstopdf)                    date: 2021-02-24 07:45:24
(epstopdf)                    size: 44946 bytes
(epstopdf)             Output file: <Chapter2/Pictures/hhvshhhh_freq-eps-conver
ted-to.pdf>
(epstopdf)                    date: 2021-03-19 10:39:09
(epstopdf)                    size: 41054 bytes
(epstopdf)             Command: <repstopdf --outfile=Chapter2/Pictures/hhvshhhh
_freq-eps-converted-to.pdf Chapter2/Pictures/hhvshhhh_freq.eps>
(epstopdf)             \includegraphics on input line 212.
Package epstopdf Info: Output file is already uptodate.
<Chapter2/Pictures/hhvshhhh_freq-eps-converted-to.pdf, id=376, 562.1pt x 421.57
5pt>
File: Chapter2/Pictures/hhvshhhh_freq-eps-converted-to.pdf Graphic file (type p
df)
<use Chapter2/Pictures/hhvshhhh_freq-eps-converted-to.pdf>
Package pdftex.def Info: Chapter2/Pictures/hhvshhhh_freq-eps-converted-to.pdf  
used on input line 212.
(pdftex.def)             Requested size: 241.69829pt x 181.27371pt.
Package epstopdf Info: Source file: <Chapter2/Pictures/hhvshhhh_real.eps>
(epstopdf)                    date: 2021-02-24 07:45:24
(epstopdf)                    size: 16034 bytes
(epstopdf)             Output file: <Chapter2/Pictures/hhvshhhh_real-eps-conver
ted-to.pdf>
(epstopdf)                    date: 2021-03-19 10:39:10
(epstopdf)                    size: 6468 bytes
(epstopdf)             Command: <repstopdf --outfile=Chapter2/Pictures/hhvshhhh
_real-eps-converted-to.pdf Chapter2/Pictures/hhvshhhh_real.eps>
(epstopdf)             \includegraphics on input line 219.
Package epstopdf Info: Output file is already uptodate.
<Chapter2/Pictures/hhvshhhh_real-eps-converted-to.pdf, id=381, 562.1pt x 421.57
5pt>
File: Chapter2/Pictures/hhvshhhh_real-eps-converted-to.pdf Graphic file (type p
df)
<use Chapter2/Pictures/hhvshhhh_real-eps-converted-to.pdf>
Package pdftex.def Info: Chapter2/Pictures/hhvshhhh_real-eps-converted-to.pdf  
used on input line 219.
(pdftex.def)             Requested size: 241.69829pt x 181.27371pt.

Underfull \hbox (badness 10000) in paragraph at lines 224--225

 []

[28 <./Chapter2/Pictures/Geo_pub_h1-eps-converted-to.pdf>] [29 <./Chapter2/Pict
ures/Geo_pub_h-eps-converted-to.pdf> <./Chapter2/Pictures/hvsh1_freq1-eps-conve
rted-to.pdf>] [30 <./Chapter2/Pictures/hvsh1_real-eps-converted-to.pdf> <./Chap
ter2/Pictures/Geo_pub_hh-eps-converted-to.pdf>] [31 <./Chapter2/Pictures/Geo_pu
b_hhhh-eps-converted-to.pdf> <./Chapter2/Pictures/hhvshhhh_freq-eps-converted-t
o.pdf>]
Package epstopdf Info: Source file: <Chapter2/Pictures/disc1.eps>
(epstopdf)                    date: 2021-02-24 07:45:24
(epstopdf)                    size: 214060 bytes
(epstopdf)             Output file: <Chapter2/Pictures/disc1-eps-converted-to.p
df>
(epstopdf)                    date: 2021-03-19 10:39:10
(epstopdf)                    size: 44138 bytes
(epstopdf)             Command: <repstopdf --outfile=Chapter2/Pictures/disc1-ep
s-converted-to.pdf Chapter2/Pictures/disc1.eps>
(epstopdf)             \includegraphics on input line 229.
Package epstopdf Info: Output file is already uptodate.
<Chapter2/Pictures/disc1-eps-converted-to.pdf, id=472, 616.3025pt x 350.30875pt
>
File: Chapter2/Pictures/disc1-eps-converted-to.pdf Graphic file (type pdf)
<use Chapter2/Pictures/disc1-eps-converted-to.pdf>
Package pdftex.def Info: Chapter2/Pictures/disc1-eps-converted-to.pdf  used on 
input line 229.
(pdftex.def)             Requested size: 369.78435pt x 210.18686pt.
) (./Chapter3/IGA_formulation.tex [32 <./Chapter2/Pictures/hhvshhhh_real-eps-co
nverted-to.pdf>] [33 <./Chapter2/Pictures/disc1-eps-converted-to.pdf>]
chapter 4.

Underfull \hbox (badness 10000) in paragraph at lines 2--4

 []


Underfull \hbox (badness 10000) in paragraph at lines 18--20

 []

[34

]
Underfull \hbox (badness 10000) in paragraph at lines 35--36

 []


Underfull \hbox (badness 10000) in paragraph at lines 51--52

 []


Underfull \hbox (badness 10000) in paragraph at lines 61--64

 []

[35]
Overfull \hbox (0.29279pt too wide) in paragraph at lines 65--66
[]\T1/cmr/m/n/12 The Iso-ge-o-met-ric ap-proach for ap-prox-i-ma-tion of the so
-lu-tion $\OML/cmm/b/it/12 u[]$ \T1/cmr/m/n/12 is achieved through
 []


Underfull \hbox (badness 10000) in paragraph at lines 65--66

 []


Underfull \hbox (badness 10000) in paragraph at lines 67--92

 []


Underfull \hbox (badness 10000) in paragraph at lines 67--92

 []


Underfull \hbox (badness 10000) in paragraph at lines 93--101

 []


Underfull \hbox (badness 10000) in paragraph at lines 93--101

 []


Underfull \hbox (badness 10000) in paragraph at lines 102--103

 []


Underfull \hbox (badness 10000) in paragraph at lines 104--118

 []


Underfull \hbox (badness 10000) in paragraph at lines 104--118

 []


Underfull \hbox (badness 10000) in paragraph at lines 119--122

 []


Underfull \hbox (badness 10000) in paragraph at lines 123--137

 []


Underfull \hbox (badness 10000) in paragraph at lines 123--137

 []


Overfull \hbox (50.07576pt too wide) detected at line 144
 []$[] \OT1/cmr/m/n/12 + [][] \OT1/cmr/m/it/12 p\OT1/cmr/m/n/12 [([][] \OMS/cms
y/m/n/12 ^^@ [][]\OT1/cmr/m/n/12 )\OML/cmm/m/it/12 :[]\OT1/cmr/m/n/12 ][][]\OML
/cmm/b/it/12 v[]\OML/cmm/m/it/12 :[] \OMS/cmsy/m/n/12 ^^@ [][] \OML/cmm/m/it/12
 ^^V\OT1/cmr/m/it/12 p\OT1/cmr/m/n/12 [([][] \OMS/cmsy/m/n/12 ^^@ [][]\OT1/cmr/
m/n/12 )\OML/cmm/m/it/12 :[]\OT1/cmr/m/n/12 ][][]\OML/cmm/b/it/12 v[]\OML/cmm/m
/it/12 :[][] \OT1/cmr/m/n/12 = 0 \OMS/cmsy/m/n/12 8[][]\OML/cmm/b/it/12 v[] \OM
S/cmsy/m/n/12 2 [][]\OML/cmm/b/it/12 V$ []  
 []


Underfull \vbox (badness 6995) has occurred while \output is active []

 [36]
Underfull \hbox (badness 10000) in paragraph at lines 162--163

 []


Underfull \hbox (badness 10000) in paragraph at lines 164--172

 []


Underfull \hbox (badness 10000) in paragraph at lines 164--172

 []

[37]
Underfull \hbox (badness 10000) in paragraph at lines 185--200

 []


Underfull \hbox (badness 10000) in paragraph at lines 185--200

 []


Underfull \hbox (badness 10000) in paragraph at lines 185--200

 []


Underfull \hbox (badness 10000) in paragraph at lines 185--200

 []


Underfull \hbox (badness 10000) in paragraph at lines 216--219

 []


Underfull \hbox (badness 10000) in paragraph at lines 216--219

 []


Underfull \hbox (badness 10000) in paragraph at lines 221--222

 []

[38]
Overfull \hbox (31.9116pt too wide) in paragraph at lines 240--242
\T1/cmr/m/n/12 the con-di-tions for con-ser-va-tion of mo-men-tum even though t
he in-te-gral $[][]\OT1/cmr/m/n/12 (\OML/cmm/b/it/12 ^^^[]\OT1/cmr/m/n/12 )(\OM
L/cmm/b/it/12 ^^^[]\OT1/cmr/m/n/12 )  \OML/cmm/m/it/12 d\OT1/cmr/m/n/12 ^^@[]$
 []


Underfull \hbox (badness 10000) in paragraph at lines 248--249

 []


Underfull \hbox (badness 10000) in paragraph at lines 250--251

 []

[39]
Underfull \hbox (badness 10000) in paragraph at lines 270--271

 []


Underfull \hbox (badness 10000) in paragraph at lines 272--278

 []


Underfull \hbox (badness 10000) in paragraph at lines 287--288

 []


Overfull \hbox (24.40376pt too wide) in paragraph at lines 289--292
\T1/cmr/m/n/12 ter-mined through Newton-Rhapson method in solv-ing for $\OML/cm
m/b/it/12 X[]\OT1/cmr/m/n/12 ([][]\OT1/cmr/bx/n/12 ^^D[]\OT1/cmr/m/n/12 ) = [][
](\OML/cmm/b/it/12 X[]\OT1/cmr/m/n/12 ([][]\OT1/cmr/bx/n/12 ^^D[]\OT1/cmr/m/n/1
2 ))$\T1/cmr/m/n/12 .
 []


Underfull \hbox (badness 10000) in paragraph at lines 289--292

 []

[40]
Overfull \hbox (6.7206pt too wide) detected at line 298
 []$[]  \OT1/cmr/bx/n/12 K[] \OT1/cmr/m/n/12 = [] []\OML/cmm/m/it/12 p\OT1/cmr/
m/n/12 [([][]\OT1/cmr/bx/n/12 R[]\OML/cmm/m/it/12 :[]\OT1/cmr/m/n/12 )[](\OMS/c
msy/m/n/12 ^^@[][]\OT1/cmr/bx/n/12 R[]\OML/cmm/m/it/12 :[]\OT1/cmr/m/n/12 ) ([]
[]\OT1/cmr/bx/n/12 R[]\OML/cmm/m/it/12 :[]\OT1/cmr/m/n/12 )[]([][]\OT1/cmr/bx/n
/12 R[]\OML/cmm/m/it/12 :[]\OT1/cmr/m/n/12 )]\OMS/cmsy/m/n/12 j[][]\OML/cmm/b/i
t/12 J[]\OMS/cmsy/m/n/12 j[]\OML/cmm/b/it/12 U[]$ [][][]  
 []


Overfull \hbox (2.54463pt too wide) detected at line 303
 []$[]  \OT1/cmr/bx/n/12 K[] \OT1/cmr/m/n/12 = [] []\OML/cmm/m/it/12 p\OT1/cmr/
m/n/12 [([][]\OT1/cmr/bx/n/12 R[]\OML/cmm/m/it/12 :[]\OT1/cmr/m/n/12 )[](\OMS/c
msy/m/n/12 ^^@[][]\OT1/cmr/bx/n/12 R[]\OML/cmm/m/it/12 :[]\OT1/cmr/m/n/12 ) ([]
[]\OT1/cmr/bx/n/12 R[]\OML/cmm/m/it/12 :[]\OT1/cmr/m/n/12 )[]([][]\OT1/cmr/bx/n
/12 R[]\OML/cmm/m/it/12 :[]\OT1/cmr/m/n/12 )]\OMS/cmsy/m/n/12 j[][]\OML/cmm/b/i
t/12 J[]\OMS/cmsy/m/n/12 j[]\OML/cmm/b/it/12 U[]$ [][][]  
 []


Underfull \hbox (badness 10000) in paragraph at lines 303--304

 []


Underfull \hbox (badness 10000) in paragraph at lines 305--322

 []


Underfull \hbox (badness 10000) in paragraph at lines 305--322

 []

[41]
Underfull \hbox (badness 10000) in paragraph at lines 341--343

 []


Underfull \hbox (badness 10000) in paragraph at lines 358--359

 []

) (./Chapter4/Optimisation.tex [42]
chapter 5.

Underfull \hbox (badness 10000) in paragraph at lines 7--8

 []


Underfull \hbox (badness 10000) in paragraph at lines 19--20

 []


Underfull \hbox (badness 10000) in paragraph at lines 21--22

 []

[43

]

LaTeX Warning: Reference `tab:Parameters_range' on page 44 undefined on input l
ine 23.


LaTeX Warning: Reference `sensitivity_analysis' on page 44 undefined on input l
ine 23.


Underfull \hbox (badness 10000) in paragraph at lines 23--24

 []

<Chapter2/Pictures/first_sobol.pdf, id=589, 505.89pt x 505.89pt>
File: Chapter2/Pictures/first_sobol.pdf Graphic file (type pdf)
<use Chapter2/Pictures/first_sobol.pdf>
Package pdftex.def Info: Chapter2/Pictures/first_sobol.pdf  used on input line 
27.
(pdftex.def)             Requested size: 268.1204pt x 268.1204pt.
<Chapter2/Pictures/total_sobol.pdf, id=590, 505.89pt x 505.89pt>
File: Chapter2/Pictures/total_sobol.pdf Graphic file (type pdf)
<use Chapter2/Pictures/total_sobol.pdf>
Package pdftex.def Info: Chapter2/Pictures/total_sobol.pdf  used on input line 
33.
(pdftex.def)             Requested size: 268.1204pt x 268.1204pt.

Underfull \hbox (badness 10000) in paragraph at lines 42--43

 []

<Chapter2/Pictures/second_order_sobol.pdf, id=591, 807.015pt x 493.21104pt>
File: Chapter2/Pictures/second_order_sobol.pdf Graphic file (type pdf)
<use Chapter2/Pictures/second_order_sobol.pdf>
Package pdftex.def Info: Chapter2/Pictures/second_order_sobol.pdf  used on inpu
t line 48.
(pdftex.def)             Requested size: 427.71591pt x 261.4006pt.
) (./Chapter5/Specific_Optimisation.tex [44] [45 <./Chapter2/Pictures/first_sob
ol.pdf> <./Chapter2/Pictures/total_sobol.pdf>] [46 <./Chapter2/Pictures/second_
order_sobol.pdf>]
chapter 6.

Underfull \hbox (badness 10000) in paragraph at lines 6--7

 []

<Chapter5/Pictures/des_dom.pdf, id=990, 1113.16953pt x 952.53326pt>
File: Chapter5/Pictures/des_dom.pdf Graphic file (type pdf)
<use Chapter5/Pictures/des_dom.pdf>
Package pdftex.def Info: Chapter5/Pictures/des_dom.pdf  used on input line 27.
(pdftex.def)             Requested size: 333.95343pt x 285.76218pt.

LaTeX Warning: `!h' float specifier changed to `!ht'.


Underfull \hbox (badness 10000) in paragraph at lines 38--39

 []

[47

]
<Chapter5/Pictures/trimmed_dom.pdf, id=1004, 1778.81189pt x 948.0189pt>
File: Chapter5/Pictures/trimmed_dom.pdf Graphic file (type pdf)
<use Chapter5/Pictures/trimmed_dom.pdf>
Package pdftex.def Info: Chapter5/Pictures/trimmed_dom.pdf  used on input line 
44.
(pdftex.def)             Requested size: 444.70189pt x 237.00415pt.

Overfull \hbox (13.64258pt too wide) in paragraph at lines 44--45
 [][] 
 []


LaTeX Warning: `!h' float specifier changed to `!ht'.

[48 <./Chapter5/Pictures/des_dom.pdf>]
<Chapter5/Pictures/body_neg.pdf, id=1042, 1771.4597pt x 943.87323pt>
File: Chapter5/Pictures/body_neg.pdf Graphic file (type pdf)
<use Chapter5/Pictures/body_neg.pdf>
Package pdftex.def Info: Chapter5/Pictures/body_neg.pdf  used on input line 57.

(pdftex.def)             Requested size: 442.86385pt x 235.96773pt.

Overfull \hbox (11.80453pt too wide) in paragraph at lines 57--58
 [][] 
 []


LaTeX Warning: `!h' float specifier changed to `!ht'.

<Chapter5/Pictures/body_pos.pdf, id=1044, 1759.17517pt x 941.48589pt>
File: Chapter5/Pictures/body_pos.pdf Graphic file (type pdf)
<use Chapter5/Pictures/body_pos.pdf>
Package pdftex.def Info: Chapter5/Pictures/body_pos.pdf  used on input line 69.

(pdftex.def)             Requested size: 439.79272pt x 235.3709pt.

Overfull \hbox (8.73341pt too wide) in paragraph at lines 69--70
 [][] 
 []


LaTeX Warning: `!h' float specifier changed to `!ht'.


Underfull \hbox (badness 10000) in paragraph at lines 76--79

 []

[49 <./Chapter5/Pictures/trimmed_dom.pdf>]
Underfull \vbox (badness 3557) has occurred while \output is active []

 [50 <./Chapter5/Pictures/body_neg.pdf> <./Chapter5/Pictures/body_pos.pdf>]
Underfull \hbox (badness 10000) in paragraph at lines 80--81

 []


Underfull \hbox (badness 10000) in paragraph at lines 90--92

 []


Underfull \hbox (badness 10000) in paragraph at lines 93--96

 []


Underfull \hbox (badness 10000) in paragraph at lines 97--98

 []


Underfull \hbox (badness 10000) in paragraph at lines 100--103

 []

[51]
Underfull \hbox (badness 10000) in paragraph at lines 116--120

 []


Underfull \hbox (badness 10000) in paragraph at lines 121--122

 []


Underfull \hbox (badness 10000) in paragraph at lines 123--124

 []


Underfull \hbox (badness 10000) in paragraph at lines 128--129

 []

[52]
Underfull \hbox (badness 10000) in paragraph at lines 130--131

 []


Underfull \hbox (badness 10000) in paragraph at lines 132--133

 []


Underfull \hbox (badness 10000) in paragraph at lines 137--138

 []


Underfull \hbox (badness 10000) in paragraph at lines 139--142

 []


Underfull \hbox (badness 10000) in paragraph at lines 158--159

 []


Underfull \hbox (badness 10000) in paragraph at lines 161--162

 []

[53]
./Chapter5/Specific_Optimisation.tex:164: Undefined control sequence.
l.164 ...t of revolved surface, detailed in \citep
                                                  {Piegl1995TheNB}, which as...

? s
OK, entering \scrollmode...

Underfull \hbox (badness 10000) in paragraph at lines 163--165

 []


LaTeX Warning: Reference `cont_des' on page 54 undefined on input line 168.


Underfull \hbox (badness 10000) in paragraph at lines 166--170

 []

./Chapter5/Specific_Optimisation.tex:172: Undefined control sequence.
l.172 ...tation of NURBS bases to T-splines \citep
                                                  {BAZILEVS2010229} or THB-s...
The control sequence at the end of the top line
of your error message was never \def'ed. If you have
misspelled it (e.g., `\hobx'), type `I' and the correct
spelling (e.g., `I\hbox'). Otherwise just continue,
and I'll forget about whatever was undefined.

./Chapter5/Specific_Optimisation.tex:172: Undefined control sequence.
l.172 ...ep{BAZILEVS2010229} or THB-splines \citep
                                                  {GIANNELLI2012485}, but re...
The control sequence at the end of the top line
of your error message was never \def'ed. If you have
misspelled it (e.g., `\hobx'), type `I' and the correct
spelling (e.g., `I\hbox'). Otherwise just continue,
and I'll forget about whatever was undefined.


Underfull \hbox (badness 10000) in paragraph at lines 172--173

 []


Underfull \vbox (badness 1527) has occurred while \output is active []

 [54]
<Chapter5/Pictures/MP.pdf, id=1169, 1505.88452pt x 762.509pt>
File: Chapter5/Pictures/MP.pdf Graphic file (type pdf)
<use Chapter5/Pictures/MP.pdf>
Package pdftex.def Info: Chapter5/Pictures/MP.pdf  used on input line 176.
(pdftex.def)             Requested size: 421.64479pt x 213.50107pt.

Underfull \hbox (badness 10000) in paragraph at lines 182--183

 []

[55 <./Chapter5/Pictures/MP.pdf>]
<Chapter5/Pictures/ran3.pdf, id=1198, 985.21365pt x 833.81189pt>
File: Chapter5/Pictures/ran3.pdf Graphic file (type pdf)
<use Chapter5/Pictures/ran3.pdf>
Package pdftex.def Info: Chapter5/Pictures/ran3.pdf  used on input line 187.
(pdftex.def)             Requested size: 295.56638pt x 250.1455pt.

Underfull \hbox (badness 10000) in paragraph at lines 213--214

 []

[56 <./Chapter5/Pictures/ran3.pdf>]
Underfull \hbox (badness 10000) in paragraph at lines 224--230

 []


Underfull \hbox (badness 10000) in paragraph at lines 231--234

 []


Underfull \hbox (badness 10000) in paragraph at lines 235--237

 []

[57]
Underfull \hbox (badness 10000) in paragraph at lines 265--267

 []


Underfull \hbox (badness 10000) in paragraph at lines 268--269

 []


Underfull \hbox (badness 10000) in paragraph at lines 270--271

 []

[58]
Underfull \hbox (badness 10000) in paragraph at lines 311--312

 []


Underfull \hbox (badness 10000) in paragraph at lines 313--314

 []

[59] [60]
Underfull \hbox (badness 10000) in paragraph at lines 376--377

 []


Underfull \hbox (badness 10000) in paragraph at lines 380--381

 []


Underfull \hbox (badness 10000) in paragraph at lines 382--386

 []

[61]
Underfull \hbox (badness 10000) in paragraph at lines 394--395

 []


Underfull \hbox (badness 10000) in paragraph at lines 398--399

 []


Underfull \hbox (badness 10000) in paragraph at lines 406--407

 []

[62]
Overfull \hbox (2.5174pt too wide) detected at line 418
[]\OML/cmm/m/it/12 EI\OT1/cmr/m/n/12 (\OML/cmm/b/it/12 x\OT1/cmr/m/n/12 ) = []\
OML/cmm/m/it/12 f\OT1/cmr/m/n/12 (\OML/cmm/b/it/12 x[]\OT1/cmr/m/n/12 ) \OMS/cm
sy/m/n/12 ^^@ [] []\OML/cmm/m/it/12 CDF[][][]
 []


Overfull \hbox (25.86275pt too wide) in paragraph at lines 420--424
[]\T1/cmr/m/n/12 where $\OML/cmm/m/it/12 f[]$ \T1/cmr/m/n/12 is the first mo-me
nt of area/centroid of the $\OML/cmm/m/it/12 PDF[][][] \OMS/cmsy/m/n/12 2 \OT1/
cmr/m/n/12 (\OMS/cmsy/m/n/12 ^^@1\OML/cmm/m/it/12 ; f\OT1/cmr/m/n/12 (\OML/cmm/
b/it/12 x[]\OT1/cmr/m/n/12 )]$
 []


Overfull \hbox (30.22481pt too wide) in paragraph at lines 420--424
\OML/cmm/m/it/12 CDF[][][]$ \T1/cmr/m/n/12 which is sim-ply $\OML/cmm/m/it/12 P
I\OT1/cmr/m/n/12 (\OML/cmm/b/it/12 x\OT1/cmr/m/n/12 )$\T1/cmr/m/n/12 . The term
 $[]$
 []


Underfull \hbox (badness 10000) in paragraph at lines 420--424

 []


Underfull \hbox (badness 10000) in paragraph at lines 431--432

 []


Overfull \hbox (8.98636pt too wide) detected at line 435
[]\OML/cmm/m/it/12 EI\OT1/cmr/m/n/12 (\OML/cmm/b/it/12 x\OT1/cmr/m/n/12 ) = (\O
ML/cmm/m/it/12 f\OT1/cmr/m/n/12 (\OML/cmm/b/it/12 x[]\OT1/cmr/m/n/12 ) \OMS/cms
y/m/n/12 ^^@ []\OT1/cmr/m/n/12 (\OML/cmm/b/it/12 x\OT1/cmr/m/n/12 ) \OMS/cmsy/m
/n/12 ^^@ \U/rsfs/m/n/12 E\OT1/cmr/m/n/12 )\OML/cmm/m/it/12 CDF[][][] \OT1/cmr/
m/n/12 + [](\OML/cmm/b/it/12 x\OT1/cmr/m/n/12 )\OML/cmm/m/it/12 PDF[][][]
 []


Underfull \hbox (badness 10000) in paragraph at lines 435--436

 []


LaTeX Warning: Reference `main_ln' on page 63 undefined on input line 443.

[63]
Underfull \hbox (badness 10000) in paragraph at lines 451--452

 []


Underfull \hbox (badness 10000) in paragraph at lines 453--454

 []


Overfull \hbox (16.02681pt too wide) in paragraph at lines 469--470
[]$\OML/cmm/b/it/12 f\OT1/cmr/m/n/12 (\U/rsfs/m/n/12 P\OT1/cmr/m/n/12 ) := \OMS
/cmsy/m/n/12 f\OML/cmm/b/it/12 f\OT1/cmr/m/n/12 (\OML/cmm/b/it/12 x[]\OT1/cmr/m
/n/12 ) \OMS/cmsy/m/n/12 2 S \OT1/cmr/m/n/12 : \OML/cmm/b/it/12 x[] \OMS/cmsy/m
/n/12 6\OT1/cmr/m/n/12 = \OML/cmm/b/it/12 x[]\OML/cmm/m/it/12 ; \U/msb/m/n/12 @
\OML/cmm/b/it/12 x[] \OMS/cmsy/m/n/12 2 X  \OML/cmm/m/it/12 s:t:  \OMS/cmsy/m/n
/12 8\OT1/cmss/m/n/12 i\OML/cmm/m/it/12 ;   f[]\OT1/cmr/m/n/12 (\OML/cmm/b/it/1
2 x[]\OT1/cmr/m/n/12 ) \OMS/cmsy/m/n/12 ^^T \OML/cmm/m/it/12 f[]\OT1/cmr/m/n/12
 (\OML/cmm/b/it/12 x[]\OT1/cmr/m/n/12 )  &  \OMS/cmsy/m/n/12 9\OT1/cmss/m/n/12 
i  \OML/cmm/m/it/12 s:t  f[]\OT1/cmr/m/n/12 (\OML/cmm/b/it/12 x[]\OT1/cmr/m/n/1
2 ) \OMS/cmsy/m/n/12 ^^T
 []


Underfull \hbox (badness 10000) in paragraph at lines 473--474

 []

[64]
Underfull \hbox (badness 10000) in paragraph at lines 492--493

 []

[65]
Underfull \hbox (badness 10000) in paragraph at lines 494--495

 []


Underfull \hbox (badness 10000) in paragraph at lines 501--502

 []

[66]
Underfull \hbox (badness 10000) in paragraph at lines 523--525

 []


Underfull \hbox (badness 10000) in paragraph at lines 526--530

 []

[67]
Underfull \hbox (badness 10000) in paragraph at lines 537--539

 []


Underfull \hbox (badness 10000) in paragraph at lines 540--546

 []


Underfull \hbox (badness 10000) in paragraph at lines 547--555

 []

[68]
Underfull \hbox (badness 10000) in paragraph at lines 576--577

 []


Underfull \hbox (badness 10000) in paragraph at lines 578--579

 []

[69]
<Chapter5/Pictures/Cases_EI.pdf, id=1354, 1020.26924pt x 925.57225pt>
File: Chapter5/Pictures/Cases_EI.pdf Graphic file (type pdf)
<use Chapter5/Pictures/Cases_EI.pdf>
Package pdftex.def Info: Chapter5/Pictures/Cases_EI.pdf  used on input line 582
.
(pdftex.def)             Requested size: 306.08313pt x 277.67381pt.
 [70 <./Chapter5/Pictures/Cases_EI.pdf>]
Underfull \hbox (badness 10000) in paragraph at lines 610--611

 []

<Chapter5/Pictures/Cases_EV.pdf, id=1445, 1019.35603pt x 925.19229pt>
File: Chapter5/Pictures/Cases_EV.pdf Graphic file (type pdf)
<use Chapter5/Pictures/Cases_EV.pdf>
Package pdftex.def Info: Chapter5/Pictures/Cases_EV.pdf  used on input line 614
.
(pdftex.def)             Requested size: 305.80917pt x 277.55983pt.

LaTeX Warning: `!h' float specifier changed to `!ht'.


Underfull \hbox (badness 10000) in paragraph at lines 619--625

 []

[71]
Underfull \hbox (badness 10000) in paragraph at lines 635--637

 []

[72 <./Chapter5/Pictures/Cases_EV.pdf>]
Underfull \hbox (badness 10000) in paragraph at lines 644--645

 []


Underfull \hbox (badness 2961) in paragraph at lines 648--648
  [][][]$\U/rsfs/m/n/10 I[]\OT1/cmr/m/n/10 (\OML/cmm/b/it/10 x\OT1/cmr/m/n/10 )
$ $\OMS/cmsy/m/n/10 2 \U/euf/m/n/10 I[] \OT1/cmr/m/n/10 =$$[][][](\OML/cmm/b/it
/10 x\OMS/cmsy/m/n/10 j\OML/cmm/m/it/10 f[]\OT1/cmr/m/n/10 ) [] [](\OML/cmm/b/i
t/10 x\OMS/cmsy/m/n/10 j\OML/cmm/m/it/10 f[]\OT1/cmr/m/n/10 )[]\OMS/cmsy/m/n/10
 j8\OT1/cmss/m/n/10 i\OML/cmm/m/it/10 ; f[] \OT1/cmr/m/n/10 = []\OML/cmm/m/it/1
0 f[]\OT1/cmr/m/n/10 (\OML/cmm/b/it/10 p[]\OT1/cmr/m/n/10 )\OML/cmm/m/it/10 ; \
OMS/cmsy/m/n/10 8\OML/cmm/b/it/10 x \OMS/cmsy/m/n/10 2 X[]$\T1/cmr/m/n/10 ,
 []


Overfull \hbox (14.67625pt too wide) in paragraph at lines 646--662
[]\T1/cmr/m/n/12 The pri-mary goal for choos-ing $\OML/cmm/m/it/12 f[]\OT1/cmr/
m/n/12 (\OML/cmm/b/it/12 p[]\OT1/cmr/m/n/12 ) \OMS/cmsy/m/n/12 2 \OML/cmm/m/it/
12 f[]\OT1/cmr/m/n/12 (\U/rsfs/m/n/12 P[]\OT1/cmr/m/n/12 )$ \T1/cmr/m/n/12 in-d
e-pen-dently for each $[]\OT1/cmr/m/n/12 (\OML/cmm/b/it/12 x\OMS/cmsy/m/n/12 j\
U/rsfs/m/n/12 P[]\OML/cmm/m/it/12 ; ^^O\OT1/cmr/m/n/12 )$
 []


Underfull \hbox (badness 10000) in paragraph at lines 646--662

 []

<Chapter5/Pictures/improv_illus.pdf, id=1550, 631.1613pt x 584.52104pt>
File: Chapter5/Pictures/improv_illus.pdf Graphic file (type pdf)
<use Chapter5/Pictures/improv_illus.pdf>
Package pdftex.def Info: Chapter5/Pictures/improv_illus.pdf  used on input line
 665.
(pdftex.def)             Requested size: 220.90976pt x 204.58542pt.

Underfull \hbox (badness 10000) in paragraph at lines 670--671

 []

<Chapter5/Pictures/EV_ZDT1.pdf, id=1552, 729.23491pt x 670.85126pt>
File: Chapter5/Pictures/EV_ZDT1.pdf Graphic file (type pdf)
<use Chapter5/Pictures/EV_ZDT1.pdf>
Package pdftex.def Info: Chapter5/Pictures/EV_ZDT1.pdf  used on input line 681.

(pdftex.def)             Requested size: 291.6888pt x 268.33575pt.

Underfull \hbox (badness 10000) in paragraph at lines 686--692

 []

[73] [74 <./Chapter5/Pictures/improv_illus.pdf> <./Chapter5/Pictures/EV_ZDT1.pd
f>]
<Chapter5/Pictures/EV_rel_EI_ZDT1.pdf, id=1678, 1149.41725pt x 696.91298pt>
File: Chapter5/Pictures/EV_rel_EI_ZDT1.pdf Graphic file (type pdf)
<use Chapter5/Pictures/EV_rel_EI_ZDT1.pdf>
Package pdftex.def Info: Chapter5/Pictures/EV_rel_EI_ZDT1.pdf  used on input li
ne 696.
(pdftex.def)             Requested size: 459.75876pt x 278.76025pt.

Overfull \hbox (28.69945pt too wide) in paragraph at lines 696--697
 [][] 
 []

[75 <./Chapter5/Pictures/EV_rel_EI_ZDT1.pdf>]
Overfull \hbox (4.13968pt too wide) in paragraph at lines 712--713
[]\T1/cmr/m/n/12 Hence, the most suit-able choice of $\U/rsfs/m/n/12 I[] \OMS/c
msy/m/n/12 2 \OML/cmm/b/it/12 f\OT1/cmr/m/n/12 (\U/rsfs/m/n/12 P[]\OT1/cmr/m/n/
12 )$ \T1/cmr/m/n/12 is which max-imises $\OML/cmm/m/it/12 HVI\OT1/cmr/m/n/12 (
\U/rsfs/m/n/12 I[]\OMS/cmsy/m/n/12 j[]\OT1/cmr/m/n/12 )$\T1/cmr/m/n/12 ,
 []


Overfull \hbox (19.68448pt too wide) in paragraph at lines 712--713
\T1/cmr/m/n/12 ex-pressed as $[]\OML/cmm/m/it/12 HVI\OT1/cmr/m/n/12 (\U/rsfs/m/
n/12 I[]\OMS/cmsy/m/n/12 j[]\OT1/cmr/m/n/12 )$\T1/cmr/m/n/12 . It should be not
ed that, in this case, $\OML/cmm/m/it/12 HVI\OT1/cmr/m/n/12 (\U/rsfs/m/n/12 I[]
\OMS/cmsy/m/n/12 j[]\OT1/cmr/m/n/12 )$
 []


Underfull \hbox (badness 10000) in paragraph at lines 712--713

 []


Underfull \hbox (badness 10000) in paragraph at lines 729--731

 []


./Chapter5/Specific_Optimisation.tex:736: LaTeX Error: There's no line here to 
end.

See the LaTeX manual or LaTeX Companion for explanation.
Type  H <return>  for immediate help.
 ...                                              
                                                  
l.736 
      
Your command was ignored.
Type  I <command> <return>  to replace it with another command,
or  <return>  to continue without it.


Underfull \hbox (badness 10000) in paragraph at lines 737--739

 []

[76]
<Chapter5/Pictures/EV_mean.pdf, id=1780, 1220.9489pt x 651.66815pt>
File: Chapter5/Pictures/EV_mean.pdf Graphic file (type pdf)
<use Chapter5/Pictures/EV_mean.pdf>
Package pdftex.def Info: Chapter5/Pictures/EV_mean.pdf  used on input line 744.

(pdftex.def)             Requested size: 366.28749pt x 195.50195pt.
<Chapter5/Pictures/EV_0.pdf, id=1781, 1336.85152pt x 736.06052pt>
File: Chapter5/Pictures/EV_0.pdf Graphic file (type pdf)
<use Chapter5/Pictures/EV_0.pdf>
Package pdftex.def Info: Chapter5/Pictures/EV_0.pdf  used on input line 756.
(pdftex.def)             Requested size: 401.05855pt x 220.81985pt.
<Chapter5/Pictures/EV_05.pdf, id=1782, 1335.09937pt x 737.60689pt>
File: Chapter5/Pictures/EV_05.pdf Graphic file (type pdf)
<use Chapter5/Pictures/EV_05.pdf>
Package pdftex.def Info: Chapter5/Pictures/EV_05.pdf  used on input line 758.
(pdftex.def)             Requested size: 400.5329pt x 221.28377pt.


LaTeX Warning: `!h' float specifier changed to `!ht'.

[77 <./Chapter5/Pictures/EV_mean.pdf>] [78 <./Chapter5/Pictures/EV_0.pdf> <./Ch
apter5/Pictures/EV_05.pdf>]pdfTeX warning (ext4): destination with the same ide
ntifier (name{subfigure.6.13.1}) has been already used, duplicate ignored
<to be read again> 
                   \relax 
l.764     \subfloat
                   [$\epsilon=1$]{
<Chapter5/Pictures/EV_1.pdf, id=2019, 1335.7261pt x 735.39421pt>
File: Chapter5/Pictures/EV_1.pdf Graphic file (type pdf)
<use Chapter5/Pictures/EV_1.pdf>
Package pdftex.def Info: Chapter5/Pictures/EV_1.pdf  used on input line 765.
(pdftex.def)             Requested size: 400.72093pt x 220.61996pt.
pdfTeX warning (ext4): destination with the same identifier (name{subfigure.6.1
3.2}) has been already used, duplicate ignored
<to be read again> 
                   \relax 
l.766     \subfloat
                   [$\epsilon=1.5$]{
<Chapter5/Pictures/EV_15.pdf, id=2020, 1335.94995pt x 736.38142pt>
File: Chapter5/Pictures/EV_15.pdf Graphic file (type pdf)
<use Chapter5/Pictures/EV_15.pdf>
Package pdftex.def Info: Chapter5/Pictures/EV_15.pdf  used on input line 767.
(pdftex.def)             Requested size: 400.78809pt x 220.91612pt.
<Chapter5/Pictures/EV_inf.pdf, id=2021, 1336.1542pt x 737.68175pt>
File: Chapter5/Pictures/EV_inf.pdf Graphic file (type pdf)
<use Chapter5/Pictures/EV_inf.pdf>
Package pdftex.def Info: Chapter5/Pictures/EV_inf.pdf  used on input line 774.
(pdftex.def)             Requested size: 400.84935pt x 221.30623pt.


LaTeX Warning: `!h' float specifier changed to `!ht'.

<Chapter5/Pictures/EV_nad.pdf, id=2022, 1338.10204pt x 738.61444pt>
File: Chapter5/Pictures/EV_nad.pdf Graphic file (type pdf)
<use Chapter5/Pictures/EV_nad.pdf>
Package pdftex.def Info: Chapter5/Pictures/EV_nad.pdf  used on input line 781.
(pdftex.def)             Requested size: 401.43372pt x 221.58604pt.

LaTeX Warning: `!h' float specifier changed to `!ht'.

) (./Chapter6/IGA_based.tex [79

 <./Chapter5/Pictures/EV_1.pdf> <./Chapter5/Pictures/EV_15.pdf>] [80 <./Chapter
5/Pictures/EV_inf.pdf> <./Chapter5/Pictures/EV_nad.pdf>]
chapter 7.

LaTeX Warning: Reference `sec:optimization_setting' on page 81 undefined on inp
ut line 3.


Underfull \hbox (badness 10000) in paragraph at lines 3--4

 []


Underfull \hbox (badness 10000) in paragraph at lines 5--6

 []

<Chapter6/Pictures/EV-Pareto_x.pdf, id=2355, 1114.33624pt x 856.75906pt>
File: Chapter6/Pictures/EV-Pareto_x.pdf Graphic file (type pdf)
<use Chapter6/Pictures/EV-Pareto_x.pdf>
Package pdftex.def Info: Chapter6/Pictures/EV-Pareto_x.pdf  used on input line 
10.
(pdftex.def)             Requested size: 334.30345pt x 257.0297pt.

LaTeX Warning: `!h' float specifier changed to `!ht'.


Underfull \hbox (badness 10000) in paragraph at lines 33--34

 []

[81

]
Underfull \hbox (badness 10000) in paragraph at lines 35--36

 []

<Chapter6/Pictures/MOO_EI_stp4.pdf, id=2365, 1019.05927pt x 925.56146pt>
File: Chapter6/Pictures/MOO_EI_stp4.pdf Graphic file (type pdf)
<use Chapter6/Pictures/MOO_EI_stp4.pdf>
Package pdftex.def Info: Chapter6/Pictures/MOO_EI_stp4.pdf  used on input line 
42.
(pdftex.def)             Requested size: 203.80824pt x 185.10901pt.
<Chapter6/Pictures/MOO_EI_stp22.pdf, id=2366, 1019.79707pt x 926.5311pt>
File: Chapter6/Pictures/MOO_EI_stp22.pdf Graphic file (type pdf)
<use Chapter6/Pictures/MOO_EI_stp22.pdf>
Package pdftex.def Info: Chapter6/Pictures/MOO_EI_stp22.pdf  used on input line
 44.
(pdftex.def)             Requested size: 203.9558pt x 185.30293pt.
<Chapter6/Pictures/MOO_EI_stp50.pdf, id=2367, 1019.28473pt x 924.27798pt>
File: Chapter6/Pictures/MOO_EI_stp50.pdf Graphic file (type pdf)
<use Chapter6/Pictures/MOO_EI_stp50.pdf>
Package pdftex.def Info: Chapter6/Pictures/MOO_EI_stp50.pdf  used on input line
 46.
(pdftex.def)             Requested size: 203.85333pt x 184.85231pt.

LaTeX Warning: Float too large for page by 57.76424pt on input line 50.


LaTeX Warning: `!h' float specifier changed to `!ht'.

[82 <./Chapter6/Pictures/EV-Pareto_x.pdf>] [83 <./Chapter6/Pictures/MOO_EI_stp4
.pdf> <./Chapter6/Pictures/MOO_EI_stp22.pdf> <./Chapter6/Pictures/MOO_EI_stp50.
pdf>]
<Chapter6/Pictures/MOO_EV_1_stp4.pdf, id=2540, 1019.05927pt x 923.22589pt>
File: Chapter6/Pictures/MOO_EV_1_stp4.pdf Graphic file (type pdf)
<use Chapter6/Pictures/MOO_EV_1_stp4.pdf>
Package pdftex.def Info: Chapter6/Pictures/MOO_EV_1_stp4.pdf  used on input lin
e 58.
(pdftex.def)             Requested size: 203.80824pt x 184.6419pt.
<Chapter6/Pictures/MOO_EV_1_stp22.pdf, id=2541, 1019.95697pt x 925.04918pt>
File: Chapter6/Pictures/MOO_EV_1_stp22.pdf Graphic file (type pdf)
<use Chapter6/Pictures/MOO_EV_1_stp22.pdf>
Package pdftex.def Info: Chapter6/Pictures/MOO_EV_1_stp22.pdf  used on input li
ne 60.
(pdftex.def)             Requested size: 203.98778pt x 185.00655pt.
<Chapter6/Pictures/MOO_EV_1_stp50.pdf, id=2542, 1019.32326pt x 924.01915pt>
File: Chapter6/Pictures/MOO_EV_1_stp50.pdf Graphic file (type pdf)
<use Chapter6/Pictures/MOO_EV_1_stp50.pdf>
Package pdftex.def Info: Chapter6/Pictures/MOO_EV_1_stp50.pdf  used on input li
ne 62.
(pdftex.def)             Requested size: 203.86104pt x 184.80055pt.


LaTeX Warning: Float too large for page by 71.44899pt on input line 66.


LaTeX Warning: `!h' float specifier changed to `!ht'.

[84 <./Chapter6/Pictures/MOO_EV_1_stp4.pdf> <./Chapter6/Pictures/MOO_EV_1_stp22
.pdf> <./Chapter6/Pictures/MOO_EV_1_stp50.pdf>]
Underfull \hbox (badness 10000) in paragraph at lines 69--70

 []


Underfull \hbox (badness 10000) in paragraph at lines 71--72

 []


Underfull \hbox (badness 10000) in paragraph at lines 73--74

 []


LaTeX Warning: Reference `Multirefacq' on page 85 undefined on input line 75.


Underfull \hbox (badness 10000) in paragraph at lines 75--76

 []

<Chapter6/Pictures/Infill1.pdf, id=2671, 1018.1998pt x 924.4543pt>
File: Chapter6/Pictures/Infill1.pdf Graphic file (type pdf)
<use Chapter6/Pictures/Infill1.pdf>
Package pdftex.def Info: Chapter6/Pictures/Infill1.pdf  used on input line 81.
(pdftex.def)             Requested size: 203.63635pt x 184.88757pt.
<Chapter6/Pictures/Infill2.pdf, id=2672, 1019.87433pt x 925.24203pt>
File: Chapter6/Pictures/Infill2.pdf Graphic file (type pdf)
<use Chapter6/Pictures/Infill2.pdf>
Package pdftex.def Info: Chapter6/Pictures/Infill2.pdf  used on input line 83.
(pdftex.def)             Requested size: 203.97125pt x 185.04512pt.
<Chapter6/Pictures/Infill3.pdf, id=2673, 1019.29097pt x 925.21452pt>
File: Chapter6/Pictures/Infill3.pdf Graphic file (type pdf)
<use Chapter6/Pictures/Infill3.pdf>
Package pdftex.def Info: Chapter6/Pictures/Infill3.pdf  used on input line 85.
(pdftex.def)             Requested size: 203.85458pt x 185.03963pt.
<Chapter6/Pictures/Infill4.pdf, id=2674, 1017.64885pt x 925.27512pt>
File: Chapter6/Pictures/Infill4.pdf Graphic file (type pdf)
<use Chapter6/Pictures/Infill4.pdf>
Package pdftex.def Info: Chapter6/Pictures/Infill4.pdf  used on input line 87.
(pdftex.def)             Requested size: 203.52617pt x 185.05174pt.

LaTeX Warning: `!h' float specifier changed to `!ht'.

[85


] [86 <./Chapter6/Pictures/Infill1.pdf> <./Chapter6/Pictures/Infill2.pdf> <./Ch
apter6/Pictures/Infill3.pdf> <./Chapter6/Pictures/Infill4.pdf>]
Underfull \hbox (badness 10000) in paragraph at lines 97--98

 []

<Chapter6/Pictures/InfillClust.pdf, id=3477, 1020.55717pt x 924.76834pt>
File: Chapter6/Pictures/InfillClust.pdf Graphic file (type pdf)
<use Chapter6/Pictures/InfillClust.pdf>
Package pdftex.def Info: Chapter6/Pictures/InfillClust.pdf  used on input line 
101.
(pdftex.def)             Requested size: 255.13867pt x 231.19151pt.
[87

 <./Chapter6/Pictures/InfillClust.pdf>]
Underfull \hbox (badness 10000) in paragraph at lines 108--109

 []

<Chapter6/Pictures/Shapes.pdf, id=3550, 1467.50664pt x 1034.00844pt>
File: Chapter6/Pictures/Shapes.pdf Graphic file (type pdf)
<use Chapter6/Pictures/Shapes.pdf>
Package pdftex.def Info: Chapter6/Pictures/Shapes.pdf  used on input line 114.
(pdftex.def)             Requested size: 440.25539pt x 310.20493pt.

Overfull \hbox (9.19608pt too wide) in paragraph at lines 114--115
 [][] 
 []


LaTeX Warning: `!h' float specifier changed to `!ht'.

[88

] [89 <./Chapter6/Pictures/Shapes.pdf>]
Underfull \hbox (badness 10000) in paragraph at lines 123--124

 []

<Chapter6/Pictures/CompEIvsEV.pdf, id=3692, 1020.86656pt x 926.28009pt>
File: Chapter6/Pictures/CompEIvsEV.pdf Graphic file (type pdf)
<use Chapter6/Pictures/CompEIvsEV.pdf>
Package pdftex.def Info: Chapter6/Pictures/CompEIvsEV.pdf  used on input line 1
28.
(pdftex.def)             Requested size: 255.21602pt x 231.56946pt.
[90

 <./Chapter6/Pictures/CompEIvsEV.pdf>]
<Chapter6/Pictures/HV_comp1.pdf, id=3766, 1019.05467pt x 924.34581pt>
File: Chapter6/Pictures/HV_comp1.pdf Graphic file (type pdf)
<use Chapter6/Pictures/HV_comp1.pdf>
Package pdftex.def Info: Chapter6/Pictures/HV_comp1.pdf  used on input line 140
.
(pdftex.def)             Requested size: 254.76305pt x 231.08588pt.
 [91

 <./Chapter6/Pictures/HV_comp1.pdf>]
<Chapter6/Pictures/HV_imp.pdf, id=3842, 1019.50565pt x 924.41895pt>
File: Chapter6/Pictures/HV_imp.pdf Graphic file (type pdf)
<use Chapter6/Pictures/HV_imp.pdf>
Package pdftex.def Info: Chapter6/Pictures/HV_imp.pdf  used on input line 150.
(pdftex.def)             Requested size: 254.8758pt x 231.10417pt.
) [92

 <./Chapter6/Pictures/HV_imp.pdf>] (./main.bbl) [93

]
Package atveryend Info: Empty hook `BeforeClearDocument' on input line 73.
Package atveryend Info: Empty hook `AfterLastShipout' on input line 73.
 (./main.aux)
Package atveryend Info: Executing hook `AtVeryEndDocument' on input line 73.
Package atveryend Info: Executing hook `AtEndAfterFileList' on input line 73.
Package rerunfilecheck Info: File `main.out' has not changed.
(rerunfilecheck)             Checksum: D41D8CD98F00B204E9800998ECF8427E;0.


LaTeX Warning: There were undefined references.


LaTeX Warning: There were multiply-defined labels.

Package atveryend Info: Empty hook `AtVeryVeryEnd' on input line 73.
 ) 
Here is how much of TeX's memory you used:
 22000 strings out of 492616
 410629 string characters out of 6129482
 596137 words of memory out of 5000000
 25061 multiletter control sequences out of 15000+600000
 30492 words of font info for 96 fonts, out of 8000000 for 9000
 1141 hyphenation exceptions out of 8191
 64i,22n,66p,9083b,479s stack positions out of 5000i,500n,10000p,200000b,80000s
{/usr/local/texlive/2019/texmf-dist/fonts/enc/dvips/cm-super/cm-super-t1.enc}
</usr/local/texlive/2019/texmf-dist/fonts/type1/public/stix/STIXGeneral-Bold.pf
b></usr/local/texlive/2019/texmf-dist/fonts/type1/public/stix/STIXGeneral-Itali
c.pfb></usr/local/texlive/2019/texmf-dist/fonts/type1/public/stix/STIXGeneral-R
egular.pfb></usr/local/texlive/2019/texmf-dist/fonts/type1/public/amsfonts/cm/c
mbx10.pfb></usr/local/texlive/2019/texmf-dist/fonts/type1/public/amsfonts/cm/cm
bx12.pfb></usr/local/texlive/2019/texmf-dist/fonts/type1/public/amsfonts/cm/cmb
x7.pfb></usr/local/texlive/2019/texmf-dist/fonts/type1/public/amsfonts/cm/cmbx8
.pfb></usr/local/texlive/2019/texmf-dist/fonts/type1/public/amsfonts/cm/cmex10.
pfb></usr/local/texlive/2019/texmf-dist/fonts/type1/public/amsfonts/cm/cmmi10.p
fb></usr/local/texlive/2019/texmf-dist/fonts/type1/public/amsfonts/cm/cmmi12.pf
b></usr/local/texlive/2019/texmf-dist/fonts/type1/public/amsfonts/cm/cmmi5.pfb>
</usr/local/texlive/2019/texmf-dist/fonts/type1/public/amsfonts/cm/cmmi6.pfb></
usr/local/texlive/2019/texmf-dist/fonts/type1/public/amsfonts/cm/cmmi7.pfb></us
r/local/texlive/2019/texmf-dist/fonts/type1/public/amsfonts/cm/cmmi8.pfb></usr/
local/texlive/2019/texmf-dist/fonts/type1/public/amsfonts/cm/cmmib10.pfb></usr/
local/texlive/2019/texmf-dist/fonts/type1/public/amsfonts/cmextra/cmmib6.pfb></
usr/local/texlive/2019/texmf-dist/fonts/type1/public/amsfonts/cmextra/cmmib7.pf
b></usr/local/texlive/2019/texmf-dist/fonts/type1/public/amsfonts/cmextra/cmmib
8.pfb></usr/local/texlive/2019/texmf-dist/fonts/type1/public/amsfonts/cm/cmr10.
pfb></usr/local/texlive/2019/texmf-dist/fonts/type1/public/amsfonts/cm/cmr12.pf
b></usr/local/texlive/2019/texmf-dist/fonts/type1/public/amsfonts/cm/cmr5.pfb><
/usr/local/texlive/2019/texmf-dist/fonts/type1/public/amsfonts/cm/cmr6.pfb></us
r/local/texlive/2019/texmf-dist/fonts/type1/public/amsfonts/cm/cmr7.pfb></usr/l
ocal/texlive/2019/texmf-dist/fonts/type1/public/amsfonts/cm/cmr8.pfb></usr/loca
l/texlive/2019/texmf-dist/fonts/type1/public/amsfonts/cm/cmss10.pfb></usr/local
/texlive/2019/texmf-dist/fonts/type1/public/amsfonts/cm/cmss12.pfb></usr/local/
texlive/2019/texmf-dist/fonts/type1/public/amsfonts/cm/cmss8.pfb></usr/local/te
xlive/2019/texmf-dist/fonts/type1/public/amsfonts/cm/cmssbx10.pfb></usr/local/t
exlive/2019/texmf-dist/fonts/type1/public/amsfonts/cm/cmsy10.pfb></usr/local/te
xlive/2019/texmf-dist/fonts/type1/public/amsfonts/cm/cmsy5.pfb></usr/local/texl
ive/2019/texmf-dist/fonts/type1/public/amsfonts/cm/cmsy6.pfb></usr/local/texliv
e/2019/texmf-dist/fonts/type1/public/amsfonts/cm/cmsy7.pfb></usr/local/texlive/
2019/texmf-dist/fonts/type1/public/amsfonts/cm/cmsy8.pfb></usr/local/texlive/20
19/texmf-dist/fonts/type1/public/amsfonts/cm/cmti12.pfb></usr/local/texlive/201
9/texmf-dist/fonts/type1/public/amsfonts/euler/eufm10.pfb></usr/local/texlive/2
019/texmf-dist/fonts/type1/public/amsfonts/euler/eufm7.pfb></usr/local/texlive/
2019/texmf-dist/fonts/type1/public/amsfonts/symbols/msbm10.pfb></usr/local/texl
ive/2019/texmf-dist/fonts/type1/public/rsfs/rsfs10.pfb></usr/local/texlive/2019
/texmf-dist/fonts/type1/public/rsfs/rsfs7.pfb></usr/local/texlive/2019/texmf-di
st/fonts/type1/public/cm-super/sfbx1200.pfb></usr/local/texlive/2019/texmf-dist
/fonts/type1/public/cm-super/sfrm0700.pfb></usr/local/texlive/2019/texmf-dist/f
onts/type1/public/cm-super/sfrm0800.pfb></usr/local/texlive/2019/texmf-dist/fon
ts/type1/public/cm-super/sfrm1000.pfb></usr/local/texlive/2019/texmf-dist/fonts
/type1/public/cm-super/sfrm1200.pfb></usr/local/texlive/2019/texmf-dist/fonts/t
ype1/public/cm-super/sfsx1200.pfb></usr/local/texlive/2019/texmf-dist/fonts/typ
e1/public/cm-super/sfsx1440.pfb></usr/local/texlive/2019/texmf-dist/fonts/type1
/public/cm-super/sfsx2488.pfb>
Output written on main.pdf (93 pages, 10946189 bytes).
PDF statistics:
 4175 PDF objects out of 4296 (max. 8388607)
 3176 compressed objects within 32 object streams
 365 named destinations out of 1000 (max. 500000)
 369 words of extra memory for PDF output out of 10000 (max. 10000000)

